Log file open, 12/06/17 21:17:24
LogWindows: Failed to load 'aqProf.dll' (GetLastError=126)
LogWindows: File 'aqProf.dll' does not exist
LogWindows: Failed to load 'VtuneApi.dll' (GetLastError=126)
LogWindows: File 'VtuneApi.dll' does not exist
LogWindows: Failed to load 'VtuneApi32e.dll' (GetLastError=126)
LogWindows: File 'VtuneApi32e.dll' does not exist
LogInit: Display: Running engine for game: HoverCars
LogPlatformFile: Not using cached read wrapper
LogInit: Display: RandInit(1969326831) SRandInit(1969326831).
LogInit: Read version file with build ID '3709383'
LogInit: Overriding engine version to CL 3754814, compatible CL 3709383
LogInit: Registered custom module enumerator with build ID '3709383'
LogTaskGraph: Started task graph with 5 named threads and 11 total threads with 3 sets of task threads.
LogStats: Stats thread started at 0.174114
LogD3D11RHI: Aftermath initialized
LogPluginManager: Mounting plugin Paper2D
LogPluginManager: Mounting plugin LightPropagationVolume
LogPluginManager: Mounting plugin CodeLiteSourceCodeAccess
LogPluginManager: Mounting plugin GitSourceControl
LogPluginManager: Mounting plugin KDevelopSourceCodeAccess
LogPluginManager: Mounting plugin NullSourceCodeAccess
LogPluginManager: Mounting plugin PerforceSourceControl
LogPluginManager: Mounting plugin SubversionSourceControl
LogPluginManager: Mounting plugin UObjectPlugin
LogPluginManager: Mounting plugin VisualStudioCodeSourceCodeAccess
LogPluginManager: Mounting plugin VisualStudioSourceCodeAccess
LogPluginManager: Mounting plugin XCodeSourceCodeAccess
LogPluginManager: Mounting plugin AssetManagerEditor
LogPluginManager: Mounting plugin AudioCapture
LogPluginManager: Mounting plugin FacialAnimation
LogPluginManager: Mounting plugin GameplayTagsEditor
LogPluginManager: Mounting plugin MobileLauncherProfileWizard
LogPluginManager: Mounting plugin PluginBrowser
LogPluginManager: Mounting plugin SpeedTreeImporter
LogPluginManager: Mounting plugin AlembicImporter
LogPluginManager: Mounting plugin CharacterAI
LogPluginManager: Mounting plugin HTML5Networking
LogPluginManager: Mounting plugin AndroidMedia
LogPluginManager: Mounting plugin AvfMedia
LogPluginManager: Mounting plugin ImgMedia
LogPluginManager: Mounting plugin MediaCompositing
LogPluginManager: Mounting plugin MediaPlayerEditor
LogPluginManager: Mounting plugin WmfMedia
LogPluginManager: Mounting plugin TcpMessaging
LogPluginManager: Mounting plugin UdpMessaging
LogPluginManager: Mounting plugin ActorSequence
LogPluginManager: Mounting plugin LevelSequenceEditor
LogPluginManager: Mounting plugin MatineeToLevelSequence
LogPluginManager: Mounting plugin OnlineSubsystemGooglePlay
LogPluginManager: Mounting plugin OnlineSubsystemIOS
LogPluginManager: Mounting plugin OnlineSubsystem
LogPluginManager: Mounting plugin OnlineSubsystemNull
LogPluginManager: Mounting plugin OnlineSubsystemUtils
LogPluginManager: Mounting plugin AndroidDeviceProfileSelector
LogPluginManager: Mounting plugin AndroidMoviePlayer
LogPluginManager: Mounting plugin AndroidPermission
LogPluginManager: Mounting plugin AppleARKit
LogPluginManager: Mounting plugin AppleMoviePlayer
LogPluginManager: Mounting plugin ArchVisCharacter
LogPluginManager: Mounting plugin CableComponent
LogPluginManager: Mounting plugin CustomMeshComponent
LogPluginManager: Mounting plugin ExampleDeviceProfileSelector
LogPluginManager: Mounting plugin GoogleCloudMessaging
LogPluginManager: Mounting plugin ImmediatePhysics
LogPluginManager: Mounting plugin IOSDeviceProfileSelector
LogPluginManager: Mounting plugin LinuxDeviceProfileSelector
LogPluginManager: Mounting plugin LocationServicesBPLibrary
LogPluginManager: Mounting plugin MobilePatchingUtils
LogPluginManager: Mounting plugin OculusVR
LogPluginManager: Plugin shader directory ../../../Engine/Plugins/Runtime/Oculus/OculusVR/Shaders found
LogPluginManager: Mapping shader source directory ../../../Engine/Plugins/Runtime/Oculus/OculusVR/Shaders to virtual directory /Plugin/OculusVR
LogPluginManager: Mounting plugin PhysXVehicles
LogPluginManager: Mounting plugin ProceduralMeshComponent
LogPluginManager: Mounting plugin RuntimePhysXCooking
LogPluginManager: Mounting plugin SteamVR
LogPluginManager: Mounting plugin WindowsMoviePlayer
LogModuleManager: Display: Found up-to-date module file D:/PROJECTS/Unreal/HoverCars/Binaries/Win64/UE4Editor-HoverCars-3598.dll (API version 3709383).
LogModuleManager: Display: Found up-to-date module file ../../../Engine/Plugins/2D/Paper2D/Binaries/Win64/UE4Editor-Paper2D.dll (API version 3709383).
LogModuleManager: Display: Found up-to-date module file ../../../Engine/Plugins/2D/Paper2D/Binaries/Win64/UE4Editor-Paper2DEditor.dll (API version 3709383).
LogModuleManager: Display: Found up-to-date module file ../../../Engine/Plugins/2D/Paper2D/Binaries/Win64/UE4Editor-PaperSpriteSheetImporter.dll (API version 3709383).
LogModuleManager: Display: Found up-to-date module file ../../../Engine/Plugins/2D/Paper2D/Binaries/Win64/UE4Editor-PaperTiledImporter.dll (API version 3709383).
LogModuleManager: Display: Found up-to-date module file ../../../Engine/Plugins/2D/Paper2D/Binaries/Win64/UE4Editor-SmartSnapping.dll (API version 3709383).
LogModuleManager: Display: Found up-to-date module file ../../../Engine/Plugins/Blendables/LightPropagationVolume/Binaries/Win64/UE4Editor-LightPropagationVolumeRuntime.dll (API version 3709383).
LogModuleManager: Display: Found up-to-date module file ../../../Engine/Plugins/Blendables/LightPropagationVolume/Binaries/Win64/UE4Editor-LightPropagationVolumeEditor.dll (API version 3709383).
LogModuleManager: Display: Found up-to-date module file ../../../Engine/Plugins/Developer/GitSourceControl/Binaries/Win64/UE4Editor-GitSourceControl.dll (API version 3709383).
LogModuleManager: Display: Found up-to-date module file ../../../Engine/Plugins/Developer/PerforceSourceControl/Binaries/Win64/UE4Editor-PerforceSourceControl.dll (API version 3709383).
LogModuleManager: Display: Found up-to-date module file ../../../Engine/Plugins/Developer/SubversionSourceControl/Binaries/Win64/UE4Editor-SubversionSourceControl.dll (API version 3709383).
LogModuleManager: Display: Found up-to-date module file ../../../Engine/Plugins/Developer/UObjectPlugin/Binaries/Win64/UE4Editor-UObjectPlugin.dll (API version 3709383).
LogModuleManager: Display: Found up-to-date module file ../../../Engine/Plugins/Developer/VisualStudioCodeSourceCodeAccess/Binaries/Win64/UE4Editor-VisualStudioCodeSourceCodeAccess.dll (API version 3709383).
LogModuleManager: Display: Found up-to-date module file ../../../Engine/Plugins/Developer/VisualStudioSourceCodeAccess/Binaries/Win64/UE4Editor-VisualStudioSourceCodeAccess.dll (API version 3709383).
LogModuleManager: Display: Found up-to-date module file ../../../Engine/Plugins/Editor/AssetManagerEditor/Binaries/Win64/UE4Editor-AssetManagerEditor.dll (API version 3709383).
LogModuleManager: Display: Found up-to-date module file ../../../Engine/Plugins/Editor/AudioCapture/Binaries/Win64/UE4Editor-AudioCapture.dll (API version 3709383).
LogModuleManager: Display: Found up-to-date module file ../../../Engine/Plugins/Editor/FacialAnimation/Binaries/Win64/UE4Editor-FacialAnimation.dll (API version 3709383).
LogModuleManager: Display: Found up-to-date module file ../../../Engine/Plugins/Editor/FacialAnimation/Binaries/Win64/UE4Editor-FacialAnimationEditor.dll (API version 3709383).
LogModuleManager: Display: Found up-to-date module file ../../../Engine/Plugins/Editor/GameplayTagsEditor/Binaries/Win64/UE4Editor-GameplayTagsEditor.dll (API version 3709383).
LogModuleManager: Display: Found up-to-date module file ../../../Engine/Plugins/Editor/MobileLauncherProfileWizard/Binaries/Win64/UE4Editor-MobileLauncherProfileWizard.dll (API version 3709383).
LogModuleManager: Display: Found up-to-date module file ../../../Engine/Plugins/Editor/PluginBrowser/Binaries/Win64/UE4Editor-PluginBrowser.dll (API version 3709383).
LogModuleManager: Display: Found up-to-date module file ../../../Engine/Plugins/Editor/SpeedTreeImporter/Binaries/Win64/UE4Editor-SpeedTreeImporter.dll (API version 3709383).
LogModuleManager: Display: Found up-to-date module file ../../../Engine/Plugins/Experimental/AlembicImporter/Binaries/Win64/UE4Editor-AlembicImporter.dll (API version 3709383).
LogModuleManager: Display: Found up-to-date module file ../../../Engine/Plugins/Experimental/AlembicImporter/Binaries/Win64/UE4Editor-AlembicLibrary.dll (API version 3709383).
LogModuleManager: Display: Found up-to-date module file ../../../Engine/Plugins/Experimental/CharacterAI/Binaries/Win64/UE4Editor-CharacterAI.dll (API version 3709383).
LogModuleManager: Display: Found up-to-date module file ../../../Engine/Plugins/Experimental/HTML5Networking/Binaries/Win64/UE4Editor-HTML5Networking.dll (API version 3709383).
LogModuleManager: Display: Found up-to-date module file ../../../Engine/Plugins/Media/AndroidMedia/Binaries/Win64/UE4Editor-AndroidMediaEditor.dll (API version 3709383).
LogModuleManager: Display: Found up-to-date module file ../../../Engine/Plugins/Media/AndroidMedia/Binaries/Win64/UE4Editor-AndroidMediaFactory.dll (API version 3709383).
LogModuleManager: Display: Found up-to-date module file ../../../Engine/Plugins/Media/AvfMedia/Binaries/Win64/UE4Editor-AvfMediaEditor.dll (API version 3709383).
LogModuleManager: Display: Found up-to-date module file ../../../Engine/Plugins/Media/AvfMedia/Binaries/Win64/UE4Editor-AvfMediaFactory.dll (API version 3709383).
LogModuleManager: Display: Found up-to-date module file ../../../Engine/Plugins/Media/AvfMedia/Binaries/Win64/UE4Editor-AvfMediaFactory.dll (API version 3709383).
LogModuleManager: Display: Found up-to-date module file ../../../Engine/Plugins/Media/ImgMedia/Binaries/Win64/UE4Editor-ImgMedia.dll (API version 3709383).
LogModuleManager: Display: Found up-to-date module file ../../../Engine/Plugins/Media/ImgMedia/Binaries/Win64/UE4Editor-ImgMediaEditor.dll (API version 3709383).
LogModuleManager: Display: Found up-to-date module file ../../../Engine/Plugins/Media/ImgMedia/Binaries/Win64/UE4Editor-ImgMediaFactory.dll (API version 3709383).
LogModuleManager: Display: Found up-to-date module file ../../../Engine/Plugins/Media/ImgMedia/Binaries/Win64/UE4Editor-ImgMediaFactory.dll (API version 3709383).
LogModuleManager: Display: Found up-to-date module file ../../../Engine/Plugins/Media/ImgMedia/Binaries/Win64/UE4Editor-OpenExrWrapper.dll (API version 3709383).
LogModuleManager: Display: Found up-to-date module file ../../../Engine/Plugins/Media/MediaCompositing/Binaries/Win64/UE4Editor-MediaCompositing.dll (API version 3709383).
LogModuleManager: Display: Found up-to-date module file ../../../Engine/Plugins/Media/MediaCompositing/Binaries/Win64/UE4Editor-MediaCompositingEditor.dll (API version 3709383).
LogModuleManager: Display: Found up-to-date module file ../../../Engine/Plugins/Media/MediaPlayerEditor/Binaries/Win64/UE4Editor-MediaPlayerEditor.dll (API version 3709383).
LogModuleManager: Display: Found up-to-date module file ../../../Engine/Plugins/Media/WmfMedia/Binaries/Win64/UE4Editor-WmfMedia.dll (API version 3709383).
LogModuleManager: Display: Found up-to-date module file ../../../Engine/Plugins/Media/WmfMedia/Binaries/Win64/UE4Editor-WmfMediaEditor.dll (API version 3709383).
LogModuleManager: Display: Found up-to-date module file ../../../Engine/Plugins/Media/WmfMedia/Binaries/Win64/UE4Editor-WmfMediaFactory.dll (API version 3709383).
LogModuleManager: Display: Found up-to-date module file ../../../Engine/Plugins/Media/WmfMedia/Binaries/Win64/UE4Editor-WmfMediaFactory.dll (API version 3709383).
LogModuleManager: Display: Found up-to-date module file ../../../Engine/Plugins/Messaging/TcpMessaging/Binaries/Win64/UE4Editor-TcpMessaging.dll (API version 3709383).
LogModuleManager: Display: Found up-to-date module file ../../../Engine/Plugins/Messaging/UdpMessaging/Binaries/Win64/UE4Editor-UdpMessaging.dll (API version 3709383).
LogModuleManager: Display: Found up-to-date module file ../../../Engine/Plugins/MovieScene/ActorSequence/Binaries/Win64/UE4Editor-ActorSequence.dll (API version 3709383).
LogModuleManager: Display: Found up-to-date module file ../../../Engine/Plugins/MovieScene/LevelSequenceEditor/Binaries/Win64/UE4Editor-LevelSequenceEditor.dll (API version 3709383).
LogModuleManager: Display: Found up-to-date module file ../../../Engine/Plugins/MovieScene/MatineeToLevelSequence/Binaries/Win64/UE4Editor-MatineeToLevelSequence.dll (API version 3709383).
LogModuleManager: Display: Found up-to-date module file ../../../Engine/Plugins/Online/OnlineSubsystem/Binaries/Win64/UE4Editor-OnlineSubsystem.dll (API version 3709383).
LogModuleManager: Display: Found up-to-date module file ../../../Engine/Plugins/Online/OnlineSubsystemNull/Binaries/Win64/UE4Editor-OnlineSubsystemNull.dll (API version 3709383).
LogModuleManager: Display: Found up-to-date module file ../../../Engine/Plugins/Online/OnlineSubsystemUtils/Binaries/Win64/UE4Editor-OnlineSubsystemUtils.dll (API version 3709383).
LogModuleManager: Display: Found up-to-date module file ../../../Engine/Plugins/Online/OnlineSubsystemUtils/Binaries/Win64/UE4Editor-OnlineBlueprintSupport.dll (API version 3709383).
LogModuleManager: Display: Found up-to-date module file ../../../Engine/Plugins/Runtime/AndroidDeviceProfileSelector/Binaries/Win64/UE4Editor-AndroidDeviceProfileSelector.dll (API version 3709383).
LogModuleManager: Display: Found up-to-date module file ../../../Engine/Plugins/Runtime/AndroidPermission/Binaries/Win64/UE4Editor-AndroidPermission.dll (API version 3709383).
LogModuleManager: Display: Found up-to-date module file ../../../Engine/Plugins/Runtime/AppleARKit/Binaries/Win64/UE4Editor-AppleARKit.dll (API version 3709383).
LogModuleManager: Display: Found up-to-date module file ../../../Engine/Plugins/Runtime/ArchVisCharacter/Binaries/Win64/UE4Editor-ArchVisCharacter.dll (API version 3709383).
LogModuleManager: Display: Found up-to-date module file ../../../Engine/Plugins/Runtime/CableComponent/Binaries/Win64/UE4Editor-CableComponent.dll (API version 3709383).
LogModuleManager: Display: Found up-to-date module file ../../../Engine/Plugins/Runtime/CustomMeshComponent/Binaries/Win64/UE4Editor-CustomMeshComponent.dll (API version 3709383).
LogModuleManager: Display: Found up-to-date module file ../../../Engine/Plugins/Runtime/ExampleDeviceProfileSelector/Binaries/Win64/UE4Editor-ExampleDeviceProfileSelector.dll (API version 3709383).
LogModuleManager: Display: Found up-to-date module file ../../../Engine/Plugins/Runtime/ImmediatePhysics/Binaries/Win64/UE4Editor-ImmediatePhysics.dll (API version 3709383).
LogModuleManager: Display: Found up-to-date module file ../../../Engine/Plugins/Runtime/ImmediatePhysics/Binaries/Win64/UE4Editor-ImmediatePhysicsEditor.dll (API version 3709383).
LogModuleManager: Display: Found up-to-date module file ../../../Engine/Plugins/Runtime/LocationServicesBPLibrary/Binaries/Win64/UE4Editor-LocationServicesBPLibrary.dll (API version 3709383).
LogModuleManager: Display: Found up-to-date module file ../../../Engine/Plugins/Runtime/MobilePatchingUtils/Binaries/Win64/UE4Editor-MobilePatchingUtils.dll (API version 3709383).
LogModuleManager: Display: Found up-to-date module file ../../../Engine/Plugins/Runtime/Oculus/OculusVR/Binaries/Win64/UE4Editor-OculusHMD.dll (API version 3709383).
LogModuleManager: Display: Found up-to-date module file ../../../Engine/Plugins/Runtime/Oculus/OculusVR/Binaries/Win64/UE4Editor-OculusInput.dll (API version 3709383).
LogModuleManager: Display: Found up-to-date module file ../../../Engine/Plugins/Runtime/Oculus/OculusVR/Binaries/Win64/UE4Editor-OculusEditor.dll (API version 3709383).
LogModuleManager: Display: Found up-to-date module file ../../../Engine/Plugins/Runtime/PhysXVehicles/Binaries/Win64/UE4Editor-PhysXVehicles.dll (API version 3709383).
LogModuleManager: Display: Found up-to-date module file ../../../Engine/Plugins/Runtime/PhysXVehicles/Binaries/Win64/UE4Editor-PhysXVehiclesEditor.dll (API version 3709383).
LogModuleManager: Display: Found up-to-date module file ../../../Engine/Plugins/Runtime/ProceduralMeshComponent/Binaries/Win64/UE4Editor-ProceduralMeshComponent.dll (API version 3709383).
LogModuleManager: Display: Found up-to-date module file ../../../Engine/Plugins/Runtime/ProceduralMeshComponent/Binaries/Win64/UE4Editor-ProceduralMeshComponentEditor.dll (API version 3709383).
LogModuleManager: Display: Found up-to-date module file ../../../Engine/Plugins/Runtime/RuntimePhysXCooking/Binaries/Win64/UE4Editor-RuntimePhysXCooking.dll (API version 3709383).
LogModuleManager: Display: Found up-to-date module file ../../../Engine/Plugins/Runtime/Steam/SteamVR/Binaries/Win64/UE4Editor-SteamVR.dll (API version 3709383).
LogModuleManager: Display: Found up-to-date module file ../../../Engine/Plugins/Runtime/Steam/SteamVR/Binaries/Win64/UE4Editor-SteamVRController.dll (API version 3709383).
LogModuleManager: Display: Found up-to-date module file ../../../Engine/Plugins/Runtime/WindowsMoviePlayer/Binaries/Win64/UE4Editor-WindowsMoviePlayer.dll (API version 3709383).
LogInit: Using libcurl 7.47.1
LogInit:  - built for x86_64-pc-win32
LogInit:  - supports SSL with OpenSSL/1.0.2g
LogInit:  - supports HTTP deflate (compression) using libz 1.2.8
LogInit:  - other features:
LogInit:      CURL_VERSION_SSL
LogInit:      CURL_VERSION_LIBZ
LogInit:      CURL_VERSION_IPV6
LogInit:      CURL_VERSION_ASYNCHDNS
LogInit:      CURL_VERSION_LARGEFILE
LogInit:      CURL_VERSION_IDN
LogInit:  CurlRequestOptions (configurable via config and command line):
LogInit:  - bVerifyPeer = false  - Libcurl will NOT verify peer certificate
LogInit:  - bUseHttpProxy = false  - Libcurl will NOT use HTTP proxy
LogInit:  - bDontReuseConnections = false  - Libcurl will reuse connections
LogInit:  - CertBundlePath = nullptr  - Libcurl will use whatever was configured at build time.
LogInit: Build: ++UE4+Release-4.18-CL-3754814
LogInit: Engine Version: 4.18.1-3754814+++UE4+Release-4.18
LogInit: Compatible Engine Version: 4.18.0-3709383+++UE4+Release-4.18
LogInit: Net CL: 3709383
LogDevObjectVersion: Number of dev versions registered: 16
LogDevObjectVersion:   Dev-Blueprints (B0D832E4-1F89-4F0D-ACCF-7EB736FD4AA2): 10
LogDevObjectVersion:   Dev-Build (E1C64328-A22C-4D53-A36C-8E866417BD8C): 0
LogDevObjectVersion:   Dev-Core (375EC13C-06E4-48FB-B500-84F0262A717E): 2
LogDevObjectVersion:   Dev-Editor (E4B068ED-F494-42E9-A231-DA0B2E46BB41): 20
LogDevObjectVersion:   Dev-Framework (CFFC743F-43B0-4480-9391-14DF171D2073): 30
LogDevObjectVersion:   Dev-Mobile (B02B49B5-BB20-44E9-A304-32B752E40360): 0
LogDevObjectVersion:   Dev-Networking (A4E4105C-59A1-49B5-A7C5-40C4547EDFEE): 0
LogDevObjectVersion:   Dev-Online (39C831C9-5AE6-47DC-9A44-9C173E1C8E7C): 0
LogDevObjectVersion:   Dev-Physics (78F01B33-EBEA-4F98-B9B4-84EACCB95AA2): 0
LogDevObjectVersion:   Dev-Platform (6631380F-2D4D-43E0-8009-CF276956A95A): 0
LogDevObjectVersion:   Dev-Rendering (12F88B9F-8875-4AFC-A67C-D90C383ABD29): 20
LogDevObjectVersion:   Dev-Sequencer (7B5AE74C-D270-4C10-A958-57980B212A5A): 4
LogDevObjectVersion:   Dev-VR (D7296918-1DD6-4BDD-9DE2-64A83CC13884): 0
LogDevObjectVersion:   Dev-LoadTimes (C2A15278-BFE7-4AFE-6C17-90FF531DF755): 1
LogDevObjectVersion:   Private-Geometry (6EACA3D4-40EC-4CC1-B786-8BED09428FC5): 1
LogDevObjectVersion:   Dev-AnimPhys (29E575DD-E0A3-4627-9D10-D276232CDCEA): 12
LogInit: Compiled (64-bit): Nov 14 2017 02:05:55
LogInit: Compiled with Visual C++: 19.00.24215.01
LogInit: Build Configuration: Development
LogInit: Branch Name: ++UE4+Release-4.18
LogInit: Command line:  
LogInit: Base directory: C:/Program Files/Epic Games/UE_4.18/Engine/Binaries/Win64/
LogInit: Installed Engine Build: 1
LogInit: Presizing for max 8388607 objects, including 0 objects not considered by GC, pre-allocating 0 bytes for permanent pool.
LogInit: Object subsystem initialized
[2017.12.06-20.17.27:347][  0]LogInit: Selected Device Profile: [Windows]
[2017.12.06-20.17.27:347][  0]LogInit: Applying CVar settings loaded from the selected device profile: [Windows]
[2017.12.06-20.17.27:363][  0]LogInit: Computer: VLEPA-PC
[2017.12.06-20.17.27:363][  0]LogInit: User: vlePa
[2017.12.06-20.17.27:363][  0]LogInit: CPU Page size=4096, Cores=3
[2017.12.06-20.17.27:363][  0]LogInit: High frequency timer resolution =3.429449 MHz
[2017.12.06-20.17.27:363][  0]LogMemory: Memory total: Physical=15.9GB (16GB approx)
[2017.12.06-20.17.27:363][  0]LogMemory: Platform Memory Stats for Windows
[2017.12.06-20.17.27:363][  0]LogMemory: Process Physical Memory: 272.05 MB used, 272.05 MB peak
[2017.12.06-20.17.27:363][  0]LogMemory: Process Virtual Memory: 263.61 MB used, 263.61 MB peak
[2017.12.06-20.17.27:363][  0]LogMemory: Physical Memory: 4935.62 MB used,  11348.73 MB free, 16284.35 MB total
[2017.12.06-20.17.27:363][  0]LogMemory: Virtual Memory: 669.87 MB used,  11348.73 MB free, 134217728.00 MB total
[2017.12.06-20.17.27:632][  0]LogInit: Using OS detected language (en-US).
[2017.12.06-20.17.27:632][  0]LogInit: Using OS detected locale (hr-HR).
[2017.12.06-20.17.27:636][  0]LogTextLocalizationManager: No specific localization for 'en-US' exists, so the 'en' localization will be used.
[2017.12.06-20.17.27:636][  0]LogTextLocalizationManager: No localization for 'hr-HR' exists, so 'en-US' will be used for the locale.
[2017.12.06-20.17.28:140][  0]LogInit: Setting process to per monitor DPI aware
[2017.12.06-20.17.28:497][  0]LogD3D11RHI: D3D11 adapters:
[2017.12.06-20.17.28:552][  0]LogD3D11RHI:    0. 'NVIDIA GeForce GTX 760' (Feature Level 11_0)
[2017.12.06-20.17.28:552][  0]LogD3D11RHI:       2017/0/8142 MB DedicatedVideo/DedicatedSystem/SharedSystem, Outputs:1, VendorId:0x10de
[2017.12.06-20.17.28:554][  0]LogD3D11RHI:    1. 'Microsoft Basic Render Driver' (Feature Level 11_0)
[2017.12.06-20.17.28:555][  0]LogD3D11RHI:       0/0/8142 MB DedicatedVideo/DedicatedSystem/SharedSystem, Outputs:0, VendorId:0x1414
[2017.12.06-20.17.28:555][  0]LogD3D11RHI: Chosen D3D11 Adapter: 0
[2017.12.06-20.17.28:563][  0]LogD3D11RHI: Creating new Direct3DDevice
[2017.12.06-20.17.28:563][  0]LogD3D11RHI:     GPU DeviceId: 0x1187 (for the marketing name, search the web for "GPU Device Id")
[2017.12.06-20.17.28:563][  0]LogWindows: EnumDisplayDevices:
[2017.12.06-20.17.28:563][  0]LogWindows:    0. 'NVIDIA GeForce GTX 760' (P:1 D:1)
[2017.12.06-20.17.28:563][  0]LogWindows:    1. 'NVIDIA GeForce GTX 760' (P:0 D:0)
[2017.12.06-20.17.28:564][  0]LogWindows:    2. 'NVIDIA GeForce GTX 760' (P:0 D:0)
[2017.12.06-20.17.28:564][  0]LogWindows:    3. 'NVIDIA GeForce GTX 760' (P:0 D:0)
[2017.12.06-20.17.28:564][  0]LogWindows: DebugString: GetVideoDriverDetailsInvalid PrimaryIsNotTheChoosenAdapter GetVideoDriverDetailsInvalid PrimaryIsNotTheChoosenAdapter GetVideoDriverDetailsInvalid PrimaryIsNotTheChoosenAdapter GetVideoDriverDetailsInvalid PrimaryIsNotTheChoosenAdapter FoundDriverCount:0 
[2017.12.06-20.17.28:564][  0]LogD3D11RHI:     Adapter Name: NVIDIA GeForce GTX 760
[2017.12.06-20.17.28:564][  0]LogD3D11RHI:   Driver Version: Unknown (internal:Unknown, unified:Unknown)
[2017.12.06-20.17.28:564][  0]LogD3D11RHI:      Driver Date: Unknown
[2017.12.06-20.17.28:564][  0]LogRHI: Texture pool is 1412 MB (70% of 2017 MB)
[2017.12.06-20.17.28:593][  0]LogD3D11RHI: Async texture creation enabled
[2017.12.06-20.17.28:607][  0]LogD3D11RHI: GPU Timing Frequency: 1000.000000 (Debug: 2 1)
[2017.12.06-20.17.28:657][  0]LogShaderCompilers: Guid format shader working directory is 18 characters bigger than the processId version (D:/PROJECTS/Unreal/HoverCars/Intermediate/Shaders/WorkingDirectory/6788/).
[2017.12.06-20.17.28:657][  0]LogShaderCompilers: Cleaned the shader compiler working directory 'C:/Users/vlePa/AppData/Local/Temp/UnrealShaderWorkingDir/1FA5E58A4AC59D1357B92C83A287B8F7/'.
[2017.12.06-20.17.28:657][  0]LogShaderCompilers: Display: Using Local Shader Compiler.
[2017.12.06-20.17.30:036][  0]LogTemp: Display: Loaded TP AllDesktopTargetPlatform
[2017.12.06-20.17.30:127][  0]LogTemp: Display: Loaded TP MacClientTargetPlatform
[2017.12.06-20.17.30:216][  0]LogTemp: Display: Loaded TP MacNoEditorTargetPlatform
[2017.12.06-20.17.30:306][  0]LogTemp: Display: Loaded TP MacServerTargetPlatform
[2017.12.06-20.17.30:396][  0]LogTemp: Display: Loaded TP MacTargetPlatform
[2017.12.06-20.17.30:485][  0]LogTemp: Display: Loaded TP WindowsClientTargetPlatform
[2017.12.06-20.17.30:574][  0]LogTemp: Display: Loaded TP WindowsNoEditorTargetPlatform
[2017.12.06-20.17.30:663][  0]LogTemp: Display: Loaded TP WindowsServerTargetPlatform
[2017.12.06-20.17.30:744][  0]LogTemp: Display: Loaded TP WindowsTargetPlatform
[2017.12.06-20.17.30:834][  0]LogTemp: Display: Loaded TP Android_ASTCTargetPlatform
[2017.12.06-20.17.30:923][  0]LogTemp: Display: Loaded TP Android_ATCTargetPlatform
[2017.12.06-20.17.31:013][  0]LogTemp: Display: Loaded TP Android_DXTTargetPlatform
[2017.12.06-20.17.31:101][  0]LogTemp: Display: Loaded TP Android_ETC1TargetPlatform
[2017.12.06-20.17.31:189][  0]LogTemp: Display: Loaded TP Android_ETC2TargetPlatform
[2017.12.06-20.17.31:363][  0]LogTemp: Display: Loaded TP Android_MultiTargetPlatform
[2017.12.06-20.17.31:363][  0]LogTemp: Display: Loaded TP Android_PVRTCTargetPlatform
[2017.12.06-20.17.31:450][  0]LogTemp: Display: Loaded TP AndroidTargetPlatform
[2017.12.06-20.17.31:523][  0]LogTemp: Display: Loaded TP HTML5TargetPlatform
[2017.12.06-20.17.31:668][  0]LogTemp: Display: Loaded TP IOSTargetPlatform
[2017.12.06-20.17.31:716][  0]LogTemp: Display: Loaded TP TVOSTargetPlatform
[2017.12.06-20.17.31:803][  0]LogTemp: Display: Loaded TP LinuxClientTargetPlatform
[2017.12.06-20.17.31:890][  0]LogTemp: Display: Loaded TP LinuxNoEditorTargetPlatform
[2017.12.06-20.17.31:977][  0]LogTemp: Display: Loaded TP LinuxServerTargetPlatform
[2017.12.06-20.17.32:064][  0]LogTemp: Display: Loaded TP LinuxTargetPlatform
[2017.12.06-20.17.32:064][  0]LogTargetPlatformManager: Display: Building Assets For Windows
[2017.12.06-20.17.32:940][  0]LogDerivedDataCache: Display: Max Cache Size: 512 MB
[2017.12.06-20.17.33:068][  0]LogDerivedDataCache: Loaded boot cache 0.13s 78MB C:/Users/vlePa/AppData/Local/UnrealEngine/4.18/DerivedDataCache/Boot.ddc.
[2017.12.06-20.17.33:068][  0]LogDerivedDataCache: Display: Loaded Boot cache: C:/Users/vlePa/AppData/Local/UnrealEngine/4.18/DerivedDataCache/Boot.ddc
[2017.12.06-20.17.33:068][  0]LogDerivedDataCache: FDerivedDataBackendGraph:  Pak pak cache file D:/PROJECTS/Unreal/HoverCars/DerivedDataCache/DDC.ddp not found, will not use a pak cache.
[2017.12.06-20.17.33:068][  0]LogDerivedDataCache: Unable to find inner node Pak for hierarchical cache Hierarchy.
[2017.12.06-20.17.33:068][  0]LogDerivedDataCache: FDerivedDataBackendGraph:  CompressedPak pak cache file D:/PROJECTS/Unreal/HoverCars/DerivedDataCache/Compressed.ddp not found, will not use a pak cache.
[2017.12.06-20.17.33:068][  0]LogDerivedDataCache: Unable to find inner node CompressedPak for hierarchical cache Hierarchy.
[2017.12.06-20.17.33:090][  0]LogDerivedDataCache: Display: Pak cache opened for reading ../../../Engine/DerivedDataCache/Compressed.ddp.
[2017.12.06-20.17.33:102][  0]LogDerivedDataCache: Using Local data cache path C:/Users/vlePa/AppData/Local/UnrealEngine/Common/DerivedDataCache: Writable
[2017.12.06-20.17.33:118][  0]LogMaterial: Verifying Global Shaders for PCD3D_SM5
[2017.12.06-20.17.33:118][  0]LogSlate: Using Freetype 2.6.0
[2017.12.06-20.17.33:119][  0]LogSlate: SlateFontCache - WITH_FREETYPE: 1, WITH_HARFBUZZ: 1
[2017.12.06-20.17.33:119][  0]LogSlate: SlateFontCache - WITH_FREETYPE: 1, WITH_HARFBUZZ: 1
[2017.12.06-20.17.33:643][  0]LogInit: Selected Device Profile: [Windows]
[2017.12.06-20.17.34:197][  0]LogSimplygon: Simplygon DLL not present - disabling.
[2017.12.06-20.17.34:271][  0]LogMeshReduction: Using SimplygonSwarm for distributed automatic mesh merging
[2017.12.06-20.17.34:271][  0]LogMeshReduction: Using QuadricMeshReduction for automatic static mesh reduction
[2017.12.06-20.17.34:271][  0]LogMeshReduction: No automatic skeletal mesh reduction module available
[2017.12.06-20.17.34:271][  0]LogMeshReduction: No automatic mesh merging module available
[2017.12.06-20.17.34:271][  0]LogMeshMerging: No automatic mesh merging module available
[2017.12.06-20.17.34:315][  0]LogNetVersion: HoverCars , NetCL: 3709383, EngineNetVer: 2, GameNetVer: 0 (Checksum: 846766821)
[2017.12.06-20.17.34:562][  0]LogAssetRegistry: FAssetRegistry took 0.0284 seconds to start up
[2017.12.06-20.17.35:302][  0]LogPackageLocalizationCache: Processed 7 localized package path(s) for 2 prioritized culture(s) in 0.063595 seconds
[2017.12.06-20.17.35:308][  0]LogUObjectArray: 35900 objects as part of root set at end of initial load.
[2017.12.06-20.17.35:309][  0]LogUObjectAllocator: 7372024 out of 0 bytes used by permanent object pool.
[2017.12.06-20.17.35:309][  0]LogUObjectArray: CloseDisregardForGC: 0/0 objects in disregard for GC pool
[2017.12.06-20.17.35:412][  0]LogInit: WinSock: version 1.1 (2.2), MaxSocks=32767, MaxUdp=65467
[2017.12.06-20.17.39:752][  0]LogTcpMessaging: Initializing TcpMessaging bridge
[2017.12.06-20.17.39:824][  0]LogUdpMessaging: Initializing bridge on interface 0.0.0.0:0 to multicast group 230.0.0.1:6666.
[2017.12.06-20.17.41:110][  0]LogMaterial: Uniform references updated for custom material expression Custom.
[2017.12.06-20.17.41:832][  0]SourceControl: Source control is disabled
[2017.12.06-20.17.41:832][  0]SourceControl: Source control is disabled
[2017.12.06-20.17.41:931][  0]SourceControl: Source control is disabled
[2017.12.06-20.17.42:029][  0]SourceControl: Source control is disabled
[2017.12.06-20.17.43:546][  0]LogAndroidPermission: UAndroidPermissionCallbackProxy::GetInstance
[2017.12.06-20.17.44:047][  0]LogOcInput: OculusInput pre-init called
[2017.12.06-20.17.44:516][  0]LogEngine: Initializing Engine...
[2017.12.06-20.17.44:519][  0]LogHMD: Failed to initialize OpenVR with code 110
[2017.12.06-20.17.44:807][  0]LogStats: UGameplayTagsManager::ConstructGameplayTagTree: Construct from data asset -  0.000 s
[2017.12.06-20.17.44:807][  0]LogStats: UGameplayTagsManager::ConstructGameplayTagTree: GameplayTagTreeChangedEvent.Broadcast -  0.000 s
[2017.12.06-20.17.45:045][  0]LogAIModule: Creating AISystem for world Untitled
[2017.12.06-20.17.45:061][  0]LogInit: XAudio2 using 'Speakers (Realtek High Definition Audio)' : 2 channels at 48 kHz using 32 bits per sample (channel mask 0x3)
[2017.12.06-20.17.45:096][  0]LogInit: FAudioDevice initialized.
[2017.12.06-20.17.45:216][  0]LogDerivedDataCache: Saved boot cache 0.12s 78MB C:/Users/vlePa/AppData/Local/UnrealEngine/4.18/DerivedDataCache/Boot.ddc.
[2017.12.06-20.17.45:241][  0]LogInit: Texture streaming: Enabled
[2017.12.06-20.17.45:431][  0]LogEngineSessionManager: EngineSessionManager initialized
[2017.12.06-20.17.45:431][  0]LogEngineSessionManager: EngineSessionManager sent abnormal shutdown report. Type=Crashed, SessionId={406679A9-4D0B-9BD6-B4B9-158605CBCD87}
[2017.12.06-20.17.45:666][  0]LogInit: Transaction tracking system initialized
[2017.12.06-20.17.46:245][  0]BlueprintLog: New page: Editor Load
[2017.12.06-20.17.47:874][  0]LocalizationService: Localization service is disabled
[2017.12.06-20.17.48:835][  0]LogLinker: Warning: Can't find file '/Game/TwinStickCPP/TwinStickOverview'
[2017.12.06-20.17.48:835][  0]LogLinker: Warning: Can't find file '/Game/TwinStickCPP/TwinStickOverview'
[2017.12.06-20.17.48:835][  0]LogUObjectGlobals: Warning: Failed to find object 'Class /Game/TwinStickCPP/TwinStickOverview.TwinStickOverview_C'
[2017.12.06-20.17.49:249][  0]LogConsoleResponse: Display: 
[2017.12.06-20.17.49:516][  0]LogCook: Display: Max memory allowance for cook 16384mb min free memory 0mb
[2017.12.06-20.17.49:516][  0]LogCook: Display: Mobile HDR setting 1
[2017.12.06-20.17.49:516][  0]LogGameplayTags: Display: UGameplayTagsManager::DoneAddingNativeTags. DelegateIsBound: 0
[2017.12.06-20.17.49:897][  0]LogFileCache: Scanning file cache for directory 'D:/PROJECTS/Unreal/HoverCars/Content/' took 0.01s
[2017.12.06-20.17.51:769][  0]SourceControl: Source control is disabled
[2017.12.06-20.17.51:769][  0]Cmd: MAP LOAD FILE="D:/PROJECTS/Unreal/HoverCars/Content/Maps/TestingGrounds.umap" TEMPLATE=0 SHOWPROGRESS=1 FEATURELEVEL=3
[2017.12.06-20.17.51:769][  0]LightingResults: New page: Lighting Build
[2017.12.06-20.17.51:846][  0]MapCheck: New page: Map Check
[2017.12.06-20.17.51:846][  0]LightingResults: New page: Lighting Build
[2017.12.06-20.17.52:182][  0]LogAIModule: Creating AISystem for world TestingGrounds
[2017.12.06-20.17.52:193][  0]LogEditorServer: Finished looking for orphan Actors (0.000 secs)
[2017.12.06-20.17.52:222][  0]Cmd: MAP CHECKDEP NOCLEARLOG
[2017.12.06-20.17.52:303][  0]MapCheck: Map check complete: 0 Error(s), 0 Warning(s), took 81.17ms to complete.
[2017.12.06-20.17.52:304][  0]LogFileHelpers: Loading map 'TestingGrounds' took 0.534
[2017.12.06-20.17.52:575][  0]LogCollectionManager: Loaded 0 collections in 0.002644 seconds
[2017.12.06-20.17.52:692][  0]LogFileCache: Scanning file cache for directory 'D:/PROJECTS/Unreal/HoverCars/Saved/Collections/' took 0.01s
[2017.12.06-20.17.52:692][  0]LogFileCache: Scanning file cache for directory 'D:/PROJECTS/Unreal/HoverCars/Content/Developers/vlePa/Collections/' took 0.01s
[2017.12.06-20.17.52:692][  0]LogFileCache: Scanning file cache for directory 'D:/PROJECTS/Unreal/HoverCars/Content/Collections/' took 0.01s
[2017.12.06-20.17.52:692][  0]LogCollectionManager: Rebuilt the GUID cache for 0 collections in 0.000000 seconds
[2017.12.06-20.17.52:707][  0]LogContentBrowser: Native class hierarchy populated in 0.0144 seconds. Added 2370 classes and 524 folders.
[2017.12.06-20.17.52:831][  0]LogContentBrowser: Native class hierarchy updated for 'WidgetCarousel' in 0.0009 seconds. Added 0 classes and 0 folders.
[2017.12.06-20.17.52:900][  0]LogContentBrowser: Native class hierarchy updated for 'AddContentDialog' in 0.0009 seconds. Added 0 classes and 0 folders.
[2017.12.06-20.17.54:229][  0]LogSlate: Only BGRA pngs, bmps or icos are supported in by External Image Picker
[2017.12.06-20.17.54:261][  0]LogSlate: Took 0.000374 seconds to synchronously load lazily loaded font '../../../Engine/Content/Slate/Fonts/Roboto-Regular.ttf' (155K)
[2017.12.06-20.17.54:269][  0]LogSlate: Took 0.000388 seconds to synchronously load lazily loaded font '../../../Engine/Content/Slate/Fonts/Roboto-Bold.ttf' (160K)
[2017.12.06-20.17.54:274][  0]LogSlate: Took 0.000346 seconds to synchronously load lazily loaded font '../../../Engine/Content/Editor/Slate/Fonts/FontAwesome.ttf' (139K)
[2017.12.06-20.17.54:275][  0]LogSlate: Took 0.000268 seconds to synchronously load lazily loaded font '../../../Engine/Content/Editor/Slate/Fonts/DroidSansMono.ttf' (77K)
[2017.12.06-20.17.54:470][  0]LogTemp: Executing iPhonePackager certificates Engine -bundlename com.YourCompany.HoverCars
[2017.12.06-20.17.54:471][  0]LogTemp: CWD: C:\Program Files\Epic Games\UE_4.18\Engine\Binaries\DotNET\IOS
[2017.12.06-20.17.54:471][  0]LogTemp: Initial Dir: C:\Program Files\Epic Games\UE_4.18
[2017.12.06-20.17.54:471][  0]LogTemp: Env CWD: C:\Program Files\Epic Games\UE_4.18\Engine\Binaries\DotNET\IOS
[2017.12.06-20.17.54:471][  0]LogTemp: BranchPath = VLEPA-PC/C/Program Files/Epic Games/UE_4.18/Engine/Binaries --- GameBranchPath = VLEPA-PC/C/Program Files/Epic Games/UE_4.18/Engine/Binaries
[2017.12.06-20.17.54:472][  0]LogTemp: IPP ERROR: Could not find provision directory 'C:\Users\vlePa\AppData\Local/Apple Computer/MobileDevice/Provisioning Profiles/'.
[2017.12.06-20.17.54:472][  0]LogRenderer: Reallocating scene render targets to support 1648x940 Format 10 NumSamples 1 (Frame:1).
[2017.12.06-20.17.54:713][  0]LogContentBrowser: Native class hierarchy updated for 'HierarchicalLODOutliner' in 0.0010 seconds. Added 1 classes and 2 folders.
[2017.12.06-20.17.54:714][  0]LogLoad: (Engine Initialization) Total time: 31.64 seconds
[2017.12.06-20.17.54:714][  0]LogLoad: (Engine Initialization) Total Blueprint compile time: 0.00 seconds
[2017.12.06-20.17.54:714][  0]LogExternalProfiler: Found external profiler: VSPerf
[2017.12.06-20.17.54:714][  0]LogExternalProfiler: Using external profiler: VSPerf
[2017.12.06-20.17.54:724][  0]LogWindowsTextInputMethodSystem: Display: IME system now deactivated.
[2017.12.06-20.17.54:750][  0]LogContentStreaming: Texture pool size now 1000 MB
[2017.12.06-20.17.54:811][  1]LogAssetRegistry: Asset discovery search completed in 20.2713 seconds
[2017.12.06-20.17.54:813][  1]LogCollectionManager: Rebuilt the object cache for 0 collections in 0.000001 seconds (found 0 objects)
[2017.12.06-20.17.54:814][  1]LogCollectionManager: Fixed up redirectors for 0 collections in 0.000196 seconds (updated 0 objects)
[2017.12.06-20.17.55:754][ 91]LogSlate: Took 0.000359 seconds to synchronously load lazily loaded font '../../../Engine/Content/Slate/Fonts/Roboto-Light.ttf' (159K)
[2017.12.06-20.17.59:958][523]LogSlate: Took 0.000309 seconds to synchronously load lazily loaded font '../../../Engine/Content/Slate/Fonts/Roboto-Light.ttf' (159K)
[2017.12.06-20.18.00:420][523]LogContentBrowser: Native class hierarchy updated for 'BlueprintGraph' in 0.0016 seconds. Added 116 classes and 0 folders.
[2017.12.06-20.18.02:411][523]LogSlate: Took 0.000310 seconds to synchronously load lazily loaded font '../../../Engine/Content/Editor/Slate/Fonts/Roboto-BoldCondensed.ttf' (158K)
[2017.12.06-20.18.03:348][614]LogSlate: Took 0.000306 seconds to synchronously load lazily loaded font '../../../Engine/Content/Editor/Slate/Fonts/Roboto-Italic.ttf' (157K)
[2017.12.06-20.18.18:541][342]LogTemp: Repeating last play command: Selected Viewport
[2017.12.06-20.18.18:600][342]LogPlayLevel: PlayLevel: No blueprints needed recompiling
[2017.12.06-20.18.18:601][342]PIE: New page: PIE session: TestingGrounds (Dec 6, 2017, 10:18:18 PM)
[2017.12.06-20.18.18:601][342]LogPlayLevel: Creating play world package: /Game/Maps/UEDPIE_0_TestingGrounds
[2017.12.06-20.18.18:616][342]LogPlayLevel: PIE: StaticDuplicateObject took: (0.014760s)
[2017.12.06-20.18.18:618][342]LogAIModule: Creating AISystem for world TestingGrounds
[2017.12.06-20.18.18:618][342]LogPlayLevel: PIE: World Init took: (0.002313s)
[2017.12.06-20.18.18:619][342]LogPlayLevel: PIE: Created PIE world by copying editor world from /Game/Maps/TestingGrounds.TestingGrounds to /Game/Maps/UEDPIE_0_TestingGrounds.TestingGrounds (0.018090s)
[2017.12.06-20.18.18:666][342]LogInit: XAudio2 using 'Speakers (Realtek High Definition Audio)' : 2 channels at 48 kHz using 32 bits per sample (channel mask 0x3)
[2017.12.06-20.18.18:682][342]LogInit: FAudioDevice initialized.
[2017.12.06-20.18.18:740][342]LogLoad: Game class is 'HoverCarsGameMode_BP_C'
[2017.12.06-20.18.18:743][342]LogWorld: Bringing World /Game/Maps/UEDPIE_0_TestingGrounds.TestingGrounds up for play (max tick rate 0) at 2017.12.06-21.18.18
[2017.12.06-20.18.18:744][342]LogWorld: Bringing up level for play took: 0.001887
[2017.12.06-20.18.18:819][342]LogContentBrowser: Native class hierarchy updated for 'MovieSceneCapture' in 0.0010 seconds. Added 11 classes and 0 folders.
[2017.12.06-20.18.18:823][342]PIE: Play in editor start time for /Game/Maps/UEDPIE_0_TestingGrounds -0.682
[2017.12.06-20.18.26:950][257]LogTemp: Repeating last play command: Selected Viewport
[2017.12.06-20.18.26:978][257]LogPlayLevel: PlayLevel: No blueprints needed recompiling
[2017.12.06-20.18.26:978][257]PIE: New page: PIE session: TestingGrounds (Dec 6, 2017, 10:18:26 PM)
[2017.12.06-20.18.26:979][257]LogPlayLevel: Creating play world package: /Game/Maps/UEDPIE_0_TestingGrounds
[2017.12.06-20.18.26:991][257]LogPlayLevel: PIE: StaticDuplicateObject took: (0.011778s)
[2017.12.06-20.18.26:992][257]LogAIModule: Creating AISystem for world TestingGrounds
[2017.12.06-20.18.26:992][257]LogPlayLevel: PIE: World Init took: (0.001203s)
[2017.12.06-20.18.26:993][257]LogPlayLevel: PIE: Created PIE world by copying editor world from /Game/Maps/TestingGrounds.TestingGrounds to /Game/Maps/UEDPIE_0_TestingGrounds.TestingGrounds (0.013966s)
[2017.12.06-20.18.27:039][257]LogInit: XAudio2 using 'Speakers (Realtek High Definition Audio)' : 2 channels at 48 kHz using 32 bits per sample (channel mask 0x3)
[2017.12.06-20.18.27:053][257]LogInit: FAudioDevice initialized.
[2017.12.06-20.18.27:091][257]LogLoad: Game class is 'HoverCarsGameMode_BP_C'
[2017.12.06-20.18.27:093][257]LogWorld: Bringing World /Game/Maps/UEDPIE_0_TestingGrounds.TestingGrounds up for play (max tick rate 0) at 2017.12.06-21.18.27
[2017.12.06-20.18.27:094][257]LogWorld: Bringing up level for play took: 0.002242
[2017.12.06-20.18.27:096][257]PIE: Play in editor start time for /Game/Maps/UEDPIE_0_TestingGrounds -0.409
[2017.12.06-20.18.50:587][211]Cmd: SELECT NONE
[2017.12.06-20.18.51:545][262]LogEditorViewport: Clicking on Actor (LMB): TestPawn_BP_C (TestPawn_BP)
[2017.12.06-20.18.52:842][358]Cmd: DELETE
[2017.12.06-20.18.52:842][358]Cmd: ACTOR DELETE
[2017.12.06-20.18.52:845][358]LogEditorActor: Deleted Actor: TestPawn_BP_C
[2017.12.06-20.18.52:911][358]LogEditorActor: Deleted 1 Actors (0.068 secs)
[2017.12.06-20.19.00:938][990]LogTemp: Repeating last play command: Selected Viewport
[2017.12.06-20.19.00:967][990]LogPlayLevel: PlayLevel: No blueprints needed recompiling
[2017.12.06-20.19.00:968][990]PIE: New page: PIE session: TestingGrounds (Dec 6, 2017, 10:19:00 PM)
[2017.12.06-20.19.00:968][990]LogPlayLevel: Creating play world package: /Game/Maps/UEDPIE_0_TestingGrounds
[2017.12.06-20.19.00:981][990]LogPlayLevel: PIE: StaticDuplicateObject took: (0.012338s)
[2017.12.06-20.19.00:982][990]LogAIModule: Creating AISystem for world TestingGrounds
[2017.12.06-20.19.00:982][990]LogPlayLevel: PIE: World Init took: (0.001678s)
[2017.12.06-20.19.00:983][990]LogPlayLevel: PIE: Created PIE world by copying editor world from /Game/Maps/TestingGrounds.TestingGrounds to /Game/Maps/UEDPIE_0_TestingGrounds.TestingGrounds (0.014826s)
[2017.12.06-20.19.01:029][990]LogInit: XAudio2 using 'Speakers (Realtek High Definition Audio)' : 2 channels at 48 kHz using 32 bits per sample (channel mask 0x3)
[2017.12.06-20.19.01:045][990]LogInit: FAudioDevice initialized.
[2017.12.06-20.19.01:077][990]LogLoad: Game class is 'HoverCarsGameMode_BP_C'
[2017.12.06-20.19.01:079][990]LogWorld: Bringing World /Game/Maps/UEDPIE_0_TestingGrounds.TestingGrounds up for play (max tick rate 0) at 2017.12.06-21.19.01
[2017.12.06-20.19.01:079][990]LogWorld: Bringing up level for play took: 0.001663
[2017.12.06-20.19.01:082][990]PIE: Play in editor start time for /Game/Maps/UEDPIE_0_TestingGrounds -0.424
[2017.12.06-20.19.06:048][324]LogEditorViewport: Clicking on Actor (LMB): TestPawn_BP_C (TestPawn_BP)
[2017.12.06-20.19.29:251][ 90]LogTemp: Repeating last play command: Selected Viewport
[2017.12.06-20.19.29:283][ 90]LogPlayLevel: PlayLevel: No blueprints needed recompiling
[2017.12.06-20.19.29:284][ 90]PIE: New page: PIE session: TestingGrounds (Dec 6, 2017, 10:19:29 PM)
[2017.12.06-20.19.29:284][ 90]LogPlayLevel: Creating play world package: /Game/Maps/UEDPIE_0_TestingGrounds
[2017.12.06-20.19.29:299][ 90]LogPlayLevel: PIE: StaticDuplicateObject took: (0.013921s)
[2017.12.06-20.19.29:300][ 90]LogAIModule: Creating AISystem for world TestingGrounds
[2017.12.06-20.19.29:301][ 90]LogPlayLevel: PIE: World Init took: (0.001615s)
[2017.12.06-20.19.29:301][ 90]LogPlayLevel: PIE: Created PIE world by copying editor world from /Game/Maps/TestingGrounds.TestingGrounds to /Game/Maps/UEDPIE_0_TestingGrounds.TestingGrounds (0.017243s)
[2017.12.06-20.19.29:350][ 90]LogInit: XAudio2 using 'Speakers (Realtek High Definition Audio)' : 2 channels at 48 kHz using 32 bits per sample (channel mask 0x3)
[2017.12.06-20.19.29:365][ 90]LogInit: FAudioDevice initialized.
[2017.12.06-20.19.29:403][ 90]LogLoad: Game class is 'HoverCarsGameMode_BP_C'
[2017.12.06-20.19.29:406][ 90]LogWorld: Bringing World /Game/Maps/UEDPIE_0_TestingGrounds.TestingGrounds up for play (max tick rate 0) at 2017.12.06-21.19.29
[2017.12.06-20.19.29:407][ 90]LogWorld: Bringing up level for play took: 0.002055
[2017.12.06-20.19.29:409][ 90]PIE: Play in editor start time for /Game/Maps/UEDPIE_0_TestingGrounds -0.096
[2017.12.06-20.20.55:327][ 62]BlueprintLog: New page: Compile CarAIController_BP
[2017.12.06-20.20.56:162][118]Cmd: OBJ SAVEPACKAGE PACKAGE="/Game/Blueprints/CarAIController_BP" FILE="D:/PROJECTS/Unreal/HoverCars/Content/Blueprints/CarAIController_BP.uasset" SILENT=true
[2017.12.06-20.20.56:202][118]LogSavePackage: Save=26.55ms
[2017.12.06-20.20.56:203][118]LogSavePackage: Moving 'D:/PROJECTS/Unreal/HoverCars/Saved/CarAIController_BPB1190230408A4B57B04347BF95961A38.tmp' to 'D:/PROJECTS/Unreal/HoverCars/Content/Blueprints/CarAIController_BP.uasset'
[2017.12.06-20.20.56:206][118]LogSavePackage: Display: Finished SavePackage D:/PROJECTS/Unreal/HoverCars/Content/Blueprints/CarAIController_BP.uasset
[2017.12.06-20.21.20:005][706]LogTemp: Repeating last play command: Selected Viewport
[2017.12.06-20.21.20:035][706]LogPlayLevel: PlayLevel: No blueprints needed recompiling
[2017.12.06-20.21.20:036][706]PIE: New page: PIE session: TestingGrounds (Dec 6, 2017, 10:21:20 PM)
[2017.12.06-20.21.20:036][706]LogPlayLevel: Creating play world package: /Game/Maps/UEDPIE_0_TestingGrounds
[2017.12.06-20.21.20:049][706]LogPlayLevel: PIE: StaticDuplicateObject took: (0.012704s)
[2017.12.06-20.21.20:050][706]LogAIModule: Creating AISystem for world TestingGrounds
[2017.12.06-20.21.20:051][706]LogPlayLevel: PIE: World Init took: (0.001692s)
[2017.12.06-20.21.20:052][706]LogPlayLevel: PIE: Created PIE world by copying editor world from /Game/Maps/TestingGrounds.TestingGrounds to /Game/Maps/UEDPIE_0_TestingGrounds.TestingGrounds (0.016014s)
[2017.12.06-20.21.20:098][706]LogInit: XAudio2 using 'Speakers (Realtek High Definition Audio)' : 2 channels at 48 kHz using 32 bits per sample (channel mask 0x3)
[2017.12.06-20.21.20:114][706]LogInit: FAudioDevice initialized.
[2017.12.06-20.21.20:154][706]LogLoad: Game class is 'HoverCarsGameMode_BP_C'
[2017.12.06-20.21.20:157][706]LogWorld: Bringing World /Game/Maps/UEDPIE_0_TestingGrounds.TestingGrounds up for play (max tick rate 0) at 2017.12.06-21.21.20
[2017.12.06-20.21.20:158][706]LogWorld: Bringing up level for play took: 0.002511
[2017.12.06-20.21.20:161][706]PIE: Play in editor start time for /Game/Maps/UEDPIE_0_TestingGrounds 0.656
[2017.12.06-20.21.29:904][781]LogTemp: Repeating last play command: Selected Viewport
[2017.12.06-20.21.29:933][781]LogPlayLevel: PlayLevel: No blueprints needed recompiling
[2017.12.06-20.21.29:934][781]PIE: New page: PIE session: TestingGrounds (Dec 6, 2017, 10:21:29 PM)
[2017.12.06-20.21.29:934][781]LogPlayLevel: Creating play world package: /Game/Maps/UEDPIE_0_TestingGrounds
[2017.12.06-20.21.29:946][781]LogPlayLevel: PIE: StaticDuplicateObject took: (0.011146s)
[2017.12.06-20.21.29:947][781]LogAIModule: Creating AISystem for world TestingGrounds
[2017.12.06-20.21.29:948][781]LogPlayLevel: PIE: World Init took: (0.001533s)
[2017.12.06-20.21.29:948][781]LogPlayLevel: PIE: Created PIE world by copying editor world from /Game/Maps/TestingGrounds.TestingGrounds to /Game/Maps/UEDPIE_0_TestingGrounds.TestingGrounds (0.014069s)
[2017.12.06-20.21.29:992][781]LogInit: XAudio2 using 'Speakers (Realtek High Definition Audio)' : 2 channels at 48 kHz using 32 bits per sample (channel mask 0x3)
[2017.12.06-20.21.30:008][781]LogInit: FAudioDevice initialized.
[2017.12.06-20.21.30:047][781]LogLoad: Game class is 'HoverCarsGameMode_BP_C'
[2017.12.06-20.21.30:050][781]LogWorld: Bringing World /Game/Maps/UEDPIE_0_TestingGrounds.TestingGrounds up for play (max tick rate 0) at 2017.12.06-21.21.30
[2017.12.06-20.21.30:050][781]LogWorld: Bringing up level for play took: 0.001985
[2017.12.06-20.21.30:053][781]PIE: Play in editor start time for /Game/Maps/UEDPIE_0_TestingGrounds 0.548
[2017.12.06-20.22.55:401][ 82]LogD3D11RHI: Timed out while waiting for GPU to catch up. (0.5 s)
[2017.12.06-20.23.24:507][ 84]LogD3D11RHI: Timed out while waiting for GPU to catch up. (0.5 s)
[2017.12.06-20.24.10:693][477]Candidate modules for hot reload:
[2017.12.06-20.24.10:693][477]  HoverCars
[2017.12.06-20.24.10:694][477]Launching UnrealBuildTool... [C:/Program Files/Epic Games/UE_4.18/Engine/Binaries/DotNET/UnrealBuildTool.exe HoverCars -ModuleWithSuffix HoverCars 3089 Win64 Development -editorrecompile -canskiplink "D:/PROJECTS/Unreal/HoverCars/HoverCars.uproject" ]
[2017.12.06-20.24.10:696][477]Warning: Starting HotReload took  0.0s.
[2017.12.06-20.24.24:240][948]CompilerResultsLog: New page: Compilation - Dec 6, 2017, 10:24:24 PM
[2017.12.06-20.24.24:240][948]CompilerResultsLog: Using 'git status' to determine working set for adaptive non-unity build.
[2017.12.06-20.24.24:240][948]CompilerResultsLog: Creating makefile for hot reloading HoverCars (ini files are newer than UBTMakefile)
[2017.12.06-20.24.24:241][948]CompilerResultsLog: Compiling game modules for hot reload
[2017.12.06-20.24.24:241][948]CompilerResultsLog: Performing 3 actions (3 in parallel)
[2017.12.06-20.24.24:241][948]CompilerResultsLog: CarAIController.cpp
[2017.12.06-20.24.24:241][948]CompilerResultsLog: [2/3] Link UE4Editor-HoverCars-3089.dll
[2017.12.06-20.24.24:241][948]CompilerResultsLog: [3/3] Link UE4Editor-HoverCars-3089.lib
[2017.12.06-20.24.24:241][948]CompilerResultsLog:    Creating library D:\PROJECTS\Unreal\HoverCars\Intermediate\Build\Win64\UE4Editor\Development\UE4Editor-HoverCars-3089.lib and object D:\PROJECTS\Unreal\HoverCars\Intermediate\Build\Win64\UE4Editor\Development\UE4Editor-HoverCars-3089.exp
[2017.12.06-20.24.24:242][948]CompilerResultsLog:    Creating library D:\PROJECTS\Unreal\HoverCars\Intermediate\Build\Win64\UE4Editor\Development\UE4Editor-HoverCars-3089.suppressed.lib and object D:\PROJECTS\Unreal\HoverCars\Intermediate\Build\Win64\UE4Editor\Development\UE4Editor-HoverCars-3089.suppressed.exp
[2017.12.06-20.24.24:242][948]CompilerResultsLog: Total build time: 13,23 seconds (Local executor: 2,54 seconds)
[2017.12.06-20.24.24:243][948]LogMainFrame: MainFrame: Module compiling took 13.555 seconds
[2017.12.06-20.24.24:399][948]LogContentBrowser: Native class hierarchy updated for 'HoverCars' in 0.0011 seconds. Added 6 classes and 3 folders.
[2017.12.06-20.24.24:403][948]Display: HotReload successful (4 functions remapped  0 scriptstructs remapped)
[2017.12.06-20.24.24:908][948]LogContentBrowser: Native class hierarchy populated in 0.0145 seconds. Added 2371 classes and 526 folders.
[2017.12.06-20.24.24:909][948]Display: HotReload took 14.2s.
[2017.12.06-20.24.27:223][174]LogTemp: Repeating last play command: Selected Viewport
[2017.12.06-20.24.27:254][174]LogPlayLevel: PlayLevel: No blueprints needed recompiling
[2017.12.06-20.24.27:255][174]PIE: New page: PIE session: TestingGrounds (Dec 6, 2017, 10:24:27 PM)
[2017.12.06-20.24.27:255][174]LogPlayLevel: Creating play world package: /Game/Maps/UEDPIE_0_TestingGrounds
[2017.12.06-20.24.27:267][174]LogPlayLevel: PIE: StaticDuplicateObject took: (0.012057s)
[2017.12.06-20.24.27:268][174]LogAIModule: Creating AISystem for world TestingGrounds
[2017.12.06-20.24.27:269][174]LogPlayLevel: PIE: World Init took: (0.001338s)
[2017.12.06-20.24.27:269][174]LogPlayLevel: PIE: Created PIE world by copying editor world from /Game/Maps/TestingGrounds.TestingGrounds to /Game/Maps/UEDPIE_0_TestingGrounds.TestingGrounds (0.014208s)
[2017.12.06-20.24.27:342][174]LogInit: XAudio2 using 'Speakers (Realtek High Definition Audio)' : 2 channels at 48 kHz using 32 bits per sample (channel mask 0x3)
[2017.12.06-20.24.27:358][174]LogInit: FAudioDevice initialized.
[2017.12.06-20.24.27:392][174]LogLoad: Game class is 'HoverCarsGameMode_BP_C'
[2017.12.06-20.24.27:394][174]LogWorld: Bringing World /Game/Maps/UEDPIE_0_TestingGrounds.TestingGrounds up for play (max tick rate 0) at 2017.12.06-21.24.27
[2017.12.06-20.24.27:395][174]LogWorld: Bringing up level for play took: 0.001680
[2017.12.06-20.24.27:397][174]PIE: Play in editor start time for /Game/Maps/UEDPIE_0_TestingGrounds -0.109
[2017.12.06-20.24.38:333][315]Cmd: CAMERA ALIGN ACTIVEVIEWPORTONLY
[2017.12.06-20.24.49:236][322]LogTemp: Repeating last play command: Selected Viewport
[2017.12.06-20.24.49:267][322]LogPlayLevel: PlayLevel: No blueprints needed recompiling
[2017.12.06-20.24.49:268][322]PIE: New page: PIE session: TestingGrounds (Dec 6, 2017, 10:24:49 PM)
[2017.12.06-20.24.49:268][322]LogPlayLevel: Creating play world package: /Game/Maps/UEDPIE_0_TestingGrounds
[2017.12.06-20.24.49:279][322]LogPlayLevel: PIE: StaticDuplicateObject took: (0.011019s)
[2017.12.06-20.24.49:280][322]LogAIModule: Creating AISystem for world TestingGrounds
[2017.12.06-20.24.49:281][322]LogPlayLevel: PIE: World Init took: (0.001058s)
[2017.12.06-20.24.49:281][322]LogPlayLevel: PIE: Created PIE world by copying editor world from /Game/Maps/TestingGrounds.TestingGrounds to /Game/Maps/UEDPIE_0_TestingGrounds.TestingGrounds (0.012868s)
[2017.12.06-20.24.49:332][322]LogInit: XAudio2 using 'Speakers (Realtek High Definition Audio)' : 2 channels at 48 kHz using 32 bits per sample (channel mask 0x3)
[2017.12.06-20.24.49:347][322]LogInit: FAudioDevice initialized.
[2017.12.06-20.24.49:384][322]LogLoad: Game class is 'HoverCarsGameMode_BP_C'
[2017.12.06-20.24.49:386][322]LogWorld: Bringing World /Game/Maps/UEDPIE_0_TestingGrounds.TestingGrounds up for play (max tick rate 0) at 2017.12.06-21.24.49
[2017.12.06-20.24.49:386][322]LogWorld: Bringing up level for play took: 0.001727
[2017.12.06-20.24.49:388][322]PIE: Play in editor start time for /Game/Maps/UEDPIE_0_TestingGrounds -0.117
[2017.12.06-20.25.33:070][180]LogActorComponent: UnregisterComponent: (/Engine/Transient.EditorFloorComp) Not registered. Aborting.
[2017.12.06-20.25.34:720][368]LogActorComponent: UnregisterComponent: (/Engine/Transient.EditorFloorComp) Not registered. Aborting.
[2017.12.06-20.25.48:655][531]Cmd: OBJ SAVEPACKAGE PACKAGE="/Game/Maps/TestingGrounds" FILE="D:/PROJECTS/Unreal/HoverCars/Content/Maps/TestingGrounds.umap" SILENT=true AUTOSAVING=false KEEPDIRTY=false
[2017.12.06-20.25.48:792][531]LogSavePackage: Save=90.71ms
[2017.12.06-20.25.48:792][531]LogSavePackage: Moving 'D:/PROJECTS/Unreal/HoverCars/Saved/TestingGrounds8A2EA26448C50A61044A9382691624BD.tmp' to 'D:/PROJECTS/Unreal/HoverCars/Content/Maps/TestingGrounds.umap'
[2017.12.06-20.25.48:795][531]LogSavePackage: Display: Finished SavePackage D:/PROJECTS/Unreal/HoverCars/Content/Maps/TestingGrounds.umap
[2017.12.06-20.25.48:831][531]LogFileHelpers: Saving map 'TestingGrounds' took 0.265
[2017.12.06-20.29.46:387][925]Candidate modules for hot reload:
[2017.12.06-20.29.46:387][925]  HoverCars
[2017.12.06-20.29.46:388][925]Launching UnrealBuildTool... [C:/Program Files/Epic Games/UE_4.18/Engine/Binaries/DotNET/UnrealBuildTool.exe HoverCars -ModuleWithSuffix HoverCars 1186 Win64 Development -editorrecompile -canskiplink "D:/PROJECTS/Unreal/HoverCars/HoverCars.uproject" ]
[2017.12.06-20.29.46:390][925]Warning: Starting HotReload took  0.0s.
[2017.12.06-20.29.51:363][335]CompilerResultsLog: New page: Compilation - Dec 6, 2017, 10:29:51 PM
[2017.12.06-20.29.51:364][335]CompilerResultsLog: Using 'git status' to determine working set for adaptive non-unity build.
[2017.12.06-20.29.51:364][335]CompilerResultsLog: Compiling game modules for hot reload
[2017.12.06-20.29.51:364][335]CompilerResultsLog: Performing 3 actions (3 in parallel)
[2017.12.06-20.29.51:364][335]CompilerResultsLog: CarAIController.cpp
[2017.12.06-20.29.51:364][335]CompilerResultsLog: [2/3] Link UE4Editor-HoverCars-1186.dll
[2017.12.06-20.29.51:364][335]CompilerResultsLog: [3/3] Link UE4Editor-HoverCars-1186.lib
[2017.12.06-20.29.51:364][335]CompilerResultsLog:    Creating library D:\PROJECTS\Unreal\HoverCars\Intermediate\Build\Win64\UE4Editor\Development\UE4Editor-HoverCars-1186.lib and object D:\PROJECTS\Unreal\HoverCars\Intermediate\Build\Win64\UE4Editor\Development\UE4Editor-HoverCars-1186.exp
[2017.12.06-20.29.51:365][335]CompilerResultsLog:    Creating library D:\PROJECTS\Unreal\HoverCars\Intermediate\Build\Win64\UE4Editor\Development\UE4Editor-HoverCars-1186.suppressed.lib and object D:\PROJECTS\Unreal\HoverCars\Intermediate\Build\Win64\UE4Editor\Development\UE4Editor-HoverCars-1186.suppressed.exp
[2017.12.06-20.29.51:365][335]CompilerResultsLog: Total build time: 4,67 seconds (Local executor: 3,14 seconds)
[2017.12.06-20.29.51:365][335]LogMainFrame: MainFrame: Module compiling took 4.985 seconds
[2017.12.06-20.29.51:518][335]LogContentBrowser: Native class hierarchy updated for 'HoverCars' in 0.0010 seconds. Added 6 classes and 3 folders.
[2017.12.06-20.29.51:522][335]Display: HotReload successful (4 functions remapped  0 scriptstructs remapped)
[2017.12.06-20.29.51:990][335]LogContentBrowser: Native class hierarchy populated in 0.0144 seconds. Added 2371 classes and 526 folders.
[2017.12.06-20.29.51:990][335]Display: HotReload took  5.6s.
[2017.12.06-20.29.53:992][488]LogTemp: Repeating last play command: Selected Viewport
[2017.12.06-20.29.54:019][488]LogPlayLevel: PlayLevel: No blueprints needed recompiling
[2017.12.06-20.29.54:020][488]PIE: New page: PIE session: TestingGrounds (Dec 6, 2017, 10:29:54 PM)
[2017.12.06-20.29.54:020][488]LogPlayLevel: Creating play world package: /Game/Maps/UEDPIE_0_TestingGrounds
[2017.12.06-20.29.54:030][488]LogPlayLevel: PIE: StaticDuplicateObject took: (0.009579s)
[2017.12.06-20.29.54:031][488]LogAIModule: Creating AISystem for world TestingGrounds
[2017.12.06-20.29.54:031][488]LogPlayLevel: PIE: World Init took: (0.001048s)
[2017.12.06-20.29.54:031][488]LogPlayLevel: PIE: Created PIE world by copying editor world from /Game/Maps/TestingGrounds.TestingGrounds to /Game/Maps/UEDPIE_0_TestingGrounds.TestingGrounds (0.011334s)
[2017.12.06-20.29.54:157][488]LogInit: XAudio2 using 'Speakers (Realtek High Definition Audio)' : 2 channels at 48 kHz using 32 bits per sample (channel mask 0x3)
[2017.12.06-20.29.54:171][488]LogInit: FAudioDevice initialized.
[2017.12.06-20.29.54:204][488]LogLoad: Game class is 'HoverCarsGameMode_BP_C'
[2017.12.06-20.29.54:206][488]LogWorld: Bringing World /Game/Maps/UEDPIE_0_TestingGrounds.TestingGrounds up for play (max tick rate 0) at 2017.12.06-21.29.54
[2017.12.06-20.29.54:207][488]LogWorld: Bringing up level for play took: 0.001717
[2017.12.06-20.29.54:209][488]PIE: Play in editor start time for /Game/Maps/UEDPIE_0_TestingGrounds 0.704
[2017.12.06-20.31.03:403][763]LogTemp: Repeating last play command: Selected Viewport
[2017.12.06-20.31.03:426][763]LogPlayLevel: PlayLevel: No blueprints needed recompiling
[2017.12.06-20.31.03:426][763]PIE: New page: PIE session: TestingGrounds (Dec 6, 2017, 10:31:03 PM)
[2017.12.06-20.31.03:426][763]LogPlayLevel: Creating play world package: /Game/Maps/UEDPIE_0_TestingGrounds
[2017.12.06-20.31.03:441][763]LogPlayLevel: PIE: StaticDuplicateObject took: (0.014101s)
[2017.12.06-20.31.03:442][763]LogAIModule: Creating AISystem for world TestingGrounds
[2017.12.06-20.31.03:442][763]LogPlayLevel: PIE: World Init took: (0.001158s)
[2017.12.06-20.31.03:442][763]LogPlayLevel: PIE: Created PIE world by copying editor world from /Game/Maps/TestingGrounds.TestingGrounds to /Game/Maps/UEDPIE_0_TestingGrounds.TestingGrounds (0.016087s)
[2017.12.06-20.31.03:493][763]LogInit: XAudio2 using 'Speakers (Realtek High Definition Audio)' : 2 channels at 48 kHz using 32 bits per sample (channel mask 0x3)
[2017.12.06-20.31.03:508][763]LogInit: FAudioDevice initialized.
[2017.12.06-20.31.03:540][763]LogLoad: Game class is 'HoverCarsGameMode_BP_C'
[2017.12.06-20.31.03:542][763]LogWorld: Bringing World /Game/Maps/UEDPIE_0_TestingGrounds.TestingGrounds up for play (max tick rate 0) at 2017.12.06-21.31.03
[2017.12.06-20.31.03:542][763]LogWorld: Bringing up level for play took: 0.001789
[2017.12.06-20.31.03:545][763]PIE: Play in editor start time for /Game/Maps/UEDPIE_0_TestingGrounds 0.039
[2017.12.06-20.32.30:518][858]LogRenderer: Reallocating scene render targets to support 1648x1260 Format 10 NumSamples 1 (Frame:1).
[2017.12.06-20.32.50:161][ 72]BlueprintLog: New page: Compile TestPawn_BP
[2017.12.06-20.32.51:287][ 98]Cmd: OBJ SAVEPACKAGE PACKAGE="/Game/Blueprints/TestPawn_BP" FILE="D:/PROJECTS/Unreal/HoverCars/Content/Blueprints/TestPawn_BP.uasset" SILENT=true
[2017.12.06-20.32.51:364][ 98]LogSavePackage: Save=65.45ms
[2017.12.06-20.32.51:365][ 98]LogSavePackage: Moving 'D:/PROJECTS/Unreal/HoverCars/Saved/TestPawn_BPC78148774D446871CF3A6AA3F5BDC215.tmp' to 'D:/PROJECTS/Unreal/HoverCars/Content/Blueprints/TestPawn_BP.uasset'
[2017.12.06-20.32.51:368][ 98]LogSavePackage: Display: Finished SavePackage D:/PROJECTS/Unreal/HoverCars/Content/Blueprints/TestPawn_BP.uasset
[2017.12.06-20.32.52:569][225]LogTemp: Repeating last play command: Selected Viewport
[2017.12.06-20.32.52:599][225]LogPlayLevel: PlayLevel: No blueprints needed recompiling
[2017.12.06-20.32.52:599][225]PIE: New page: PIE session: TestingGrounds (Dec 6, 2017, 10:32:52 PM)
[2017.12.06-20.32.52:600][225]LogPlayLevel: Creating play world package: /Game/Maps/UEDPIE_0_TestingGrounds
[2017.12.06-20.32.52:613][225]LogPlayLevel: PIE: StaticDuplicateObject took: (0.012817s)
[2017.12.06-20.32.52:614][225]LogAIModule: Creating AISystem for world TestingGrounds
[2017.12.06-20.32.52:614][225]LogPlayLevel: PIE: World Init took: (0.001398s)
[2017.12.06-20.32.52:615][225]LogPlayLevel: PIE: Created PIE world by copying editor world from /Game/Maps/TestingGrounds.TestingGrounds to /Game/Maps/UEDPIE_0_TestingGrounds.TestingGrounds (0.015001s)
[2017.12.06-20.32.52:664][225]LogInit: XAudio2 using 'Speakers (Realtek High Definition Audio)' : 2 channels at 48 kHz using 32 bits per sample (channel mask 0x3)
[2017.12.06-20.32.52:678][225]LogInit: FAudioDevice initialized.
[2017.12.06-20.32.52:715][225]LogLoad: Game class is 'HoverCarsGameMode_BP_C'
[2017.12.06-20.32.52:717][225]LogWorld: Bringing World /Game/Maps/UEDPIE_0_TestingGrounds.TestingGrounds up for play (max tick rate 0) at 2017.12.06-21.32.52
[2017.12.06-20.32.52:717][225]LogWorld: Bringing up level for play took: 0.001811
[2017.12.06-20.32.52:720][225]PIE: Play in editor start time for /Game/Maps/UEDPIE_0_TestingGrounds -0.786
[2017.12.06-20.33.32:980][226]Cmd: OBJ SAVEPACKAGE PACKAGE="/Game/Maps/TestingGrounds" FILE="D:/PROJECTS/Unreal/HoverCars/Content/Maps/TestingGrounds.umap" SILENT=true AUTOSAVING=false KEEPDIRTY=false
[2017.12.06-20.33.33:118][226]LogSavePackage: Save=89.53ms
[2017.12.06-20.33.33:118][226]LogSavePackage: Moving 'D:/PROJECTS/Unreal/HoverCars/Saved/TestingGroundsD45C65B74FEEF60158F8BEA49F878643.tmp' to 'D:/PROJECTS/Unreal/HoverCars/Content/Maps/TestingGrounds.umap'
[2017.12.06-20.33.33:121][226]LogSavePackage: Display: Finished SavePackage D:/PROJECTS/Unreal/HoverCars/Content/Maps/TestingGrounds.umap
[2017.12.06-20.33.33:154][226]LogFileHelpers: Saving map 'TestingGrounds' took 0.263
[2017.12.06-20.34.56:445][649]Candidate modules for hot reload:
[2017.12.06-20.34.56:445][649]  HoverCars
[2017.12.06-20.34.56:445][649]Launching UnrealBuildTool... [C:/Program Files/Epic Games/UE_4.18/Engine/Binaries/DotNET/UnrealBuildTool.exe HoverCars -ModuleWithSuffix HoverCars 1091 Win64 Development -editorrecompile -canskiplink "D:/PROJECTS/Unreal/HoverCars/HoverCars.uproject" ]
[2017.12.06-20.34.56:447][649]Warning: Starting HotReload took  0.0s.
[2017.12.06-20.35.00:728][741]CompilerResultsLog: New page: Compilation - Dec 6, 2017, 10:35:00 PM
[2017.12.06-20.35.00:729][741]CompilerResultsLog: Using 'git status' to determine working set for adaptive non-unity build.
[2017.12.06-20.35.00:729][741]CompilerResultsLog: Compiling game modules for hot reload
[2017.12.06-20.35.00:729][741]CompilerResultsLog: Performing 3 actions (3 in parallel)
[2017.12.06-20.35.00:729][741]CompilerResultsLog: CarAIController.cpp
[2017.12.06-20.35.00:729][741]CompilerResultsLog: [2/3] Link UE4Editor-HoverCars-1091.dll
[2017.12.06-20.35.00:729][741]CompilerResultsLog: [3/3] Link UE4Editor-HoverCars-1091.lib
[2017.12.06-20.35.00:729][741]CompilerResultsLog:    Creating library D:\PROJECTS\Unreal\HoverCars\Intermediate\Build\Win64\UE4Editor\Development\UE4Editor-HoverCars-1091.lib and object D:\PROJECTS\Unreal\HoverCars\Intermediate\Build\Win64\UE4Editor\Development\UE4Editor-HoverCars-1091.exp
[2017.12.06-20.35.00:730][741]CompilerResultsLog:    Creating library D:\PROJECTS\Unreal\HoverCars\Intermediate\Build\Win64\UE4Editor\Development\UE4Editor-HoverCars-1091.suppressed.lib and object D:\PROJECTS\Unreal\HoverCars\Intermediate\Build\Win64\UE4Editor\Development\UE4Editor-HoverCars-1091.suppressed.exp
[2017.12.06-20.35.00:730][741]CompilerResultsLog: Total build time: 3,77 seconds (Local executor: 2,33 seconds)
[2017.12.06-20.35.00:730][741]LogMainFrame: MainFrame: Module compiling took 4.292 seconds
[2017.12.06-20.35.00:888][741]LogContentBrowser: Native class hierarchy updated for 'HoverCars' in 0.0011 seconds. Added 6 classes and 3 folders.
[2017.12.06-20.35.00:892][741]Display: HotReload successful (4 functions remapped  0 scriptstructs remapped)
[2017.12.06-20.35.01:366][741]LogContentBrowser: Native class hierarchy populated in 0.0140 seconds. Added 2371 classes and 526 folders.
[2017.12.06-20.35.01:366][741]Display: HotReload took  5.0s.
[2017.12.06-20.35.12:784][859]Candidate modules for hot reload:
[2017.12.06-20.35.12:784][859]  HoverCars
[2017.12.06-20.35.12:784][859]Launching UnrealBuildTool... [C:/Program Files/Epic Games/UE_4.18/Engine/Binaries/DotNET/UnrealBuildTool.exe HoverCars -ModuleWithSuffix HoverCars 5140 Win64 Development -editorrecompile -canskiplink "D:/PROJECTS/Unreal/HoverCars/HoverCars.uproject" ]
[2017.12.06-20.35.12:786][859]Warning: Starting HotReload took  0.0s.
[2017.12.06-20.35.17:706][352]CompilerResultsLog: New page: Compilation - Dec 6, 2017, 10:35:17 PM
[2017.12.06-20.35.17:706][352]CompilerResultsLog: Using 'git status' to determine working set for adaptive non-unity build.
[2017.12.06-20.35.17:707][352]CompilerResultsLog: Compiling game modules for hot reload
[2017.12.06-20.35.17:707][352]CompilerResultsLog: Performing 3 actions (3 in parallel)
[2017.12.06-20.35.17:707][352]CompilerResultsLog: CarAIController.cpp
[2017.12.06-20.35.17:707][352]CompilerResultsLog: [2/3] Link UE4Editor-HoverCars-5140.dll
[2017.12.06-20.35.17:707][352]CompilerResultsLog: [3/3] Link UE4Editor-HoverCars-5140.lib
[2017.12.06-20.35.17:707][352]CompilerResultsLog:    Creating library D:\PROJECTS\Unreal\HoverCars\Intermediate\Build\Win64\UE4Editor\Development\UE4Editor-HoverCars-5140.lib and object D:\PROJECTS\Unreal\HoverCars\Intermediate\Build\Win64\UE4Editor\Development\UE4Editor-HoverCars-5140.exp
[2017.12.06-20.35.17:708][352]CompilerResultsLog:    Creating library D:\PROJECTS\Unreal\HoverCars\Intermediate\Build\Win64\UE4Editor\Development\UE4Editor-HoverCars-5140.suppressed.lib and object D:\PROJECTS\Unreal\HoverCars\Intermediate\Build\Win64\UE4Editor\Development\UE4Editor-HoverCars-5140.suppressed.exp
[2017.12.06-20.35.17:708][352]CompilerResultsLog: Total build time: 4,60 seconds (Local executor: 2,95 seconds)
[2017.12.06-20.35.17:708][352]LogMainFrame: MainFrame: Module compiling took 4.930 seconds
[2017.12.06-20.35.17:925][352]LogContentBrowser: Native class hierarchy updated for 'HoverCars' in 0.0011 seconds. Added 6 classes and 3 folders.
[2017.12.06-20.35.17:929][352]Display: HotReload successful (4 functions remapped  0 scriptstructs remapped)
[2017.12.06-20.35.18:424][352]LogContentBrowser: Native class hierarchy populated in 0.0142 seconds. Added 2371 classes and 526 folders.
[2017.12.06-20.35.18:424][352]Display: HotReload took  5.7s.
[2017.12.06-20.35.24:209][929]LogEditorViewport: Clicking on Actor (LMB): Actor (CheckPoint)
[2017.12.06-20.35.28:573][374]Cmd: OBJ SAVEPACKAGE PACKAGE="/Game/Maps/TestingGrounds" FILE="D:/PROJECTS/Unreal/HoverCars/Content/Maps/TestingGrounds.umap" SILENT=true AUTOSAVING=false KEEPDIRTY=false
[2017.12.06-20.35.28:748][374]LogSavePackage: Save=80.95ms
[2017.12.06-20.35.28:749][374]LogSavePackage: Moving 'D:/PROJECTS/Unreal/HoverCars/Saved/TestingGrounds22EF5895442BED0C2709D0B1BB89E2D8.tmp' to 'D:/PROJECTS/Unreal/HoverCars/Content/Maps/TestingGrounds.umap'
[2017.12.06-20.35.28:751][374]LogSavePackage: Display: Finished SavePackage D:/PROJECTS/Unreal/HoverCars/Content/Maps/TestingGrounds.umap
[2017.12.06-20.35.28:786][374]Cmd: OBJ SAVEPACKAGE PACKAGE="/Game/Maps/TestingGrounds_BuiltData" FILE="D:/PROJECTS/Unreal/HoverCars/Content/Maps/TestingGrounds_BuiltData.uasset" SILENT=true
[2017.12.06-20.35.28:854][374]LogSavePackage: Save=55.32ms
[2017.12.06-20.35.28:854][374]LogSavePackage: Moving 'D:/PROJECTS/Unreal/HoverCars/Saved/TestingGrounds_BuiltData4879119B4286EB86C23D3A8A81DD18BA.tmp' to 'D:/PROJECTS/Unreal/HoverCars/Content/Maps/TestingGrounds_BuiltData.uasset'
[2017.12.06-20.35.28:856][374]LogSavePackage: Display: Finished SavePackage D:/PROJECTS/Unreal/HoverCars/Content/Maps/TestingGrounds_BuiltData.uasset
[2017.12.06-20.35.32:441][693]LogTemp: Repeating last play command: Selected Viewport
[2017.12.06-20.35.32:463][693]LogPlayLevel: PlayLevel: No blueprints needed recompiling
[2017.12.06-20.35.32:464][693]PIE: New page: PIE session: TestingGrounds (Dec 6, 2017, 10:35:32 PM)
[2017.12.06-20.35.32:464][693]LogPlayLevel: Creating play world package: /Game/Maps/UEDPIE_0_TestingGrounds
[2017.12.06-20.35.32:477][693]LogPlayLevel: PIE: StaticDuplicateObject took: (0.013099s)
[2017.12.06-20.35.32:479][693]LogAIModule: Creating AISystem for world TestingGrounds
[2017.12.06-20.35.32:480][693]LogPlayLevel: PIE: World Init took: (0.002029s)
[2017.12.06-20.35.32:480][693]LogPlayLevel: PIE: Created PIE world by copying editor world from /Game/Maps/TestingGrounds.TestingGrounds to /Game/Maps/UEDPIE_0_TestingGrounds.TestingGrounds (0.016376s)
[2017.12.06-20.35.32:528][693]LogInit: XAudio2 using 'Speakers (Realtek High Definition Audio)' : 2 channels at 48 kHz using 32 bits per sample (channel mask 0x3)
[2017.12.06-20.35.32:542][693]LogInit: FAudioDevice initialized.
[2017.12.06-20.35.32:576][693]LogLoad: Game class is 'HoverCarsGameMode_BP_C'
[2017.12.06-20.35.32:578][693]LogWorld: Bringing World /Game/Maps/UEDPIE_0_TestingGrounds.TestingGrounds up for play (max tick rate 0) at 2017.12.06-21.35.32
[2017.12.06-20.35.32:578][693]LogWorld: Bringing up level for play took: 0.001625
[2017.12.06-20.35.32:580][693]PIE: Play in editor start time for /Game/Maps/UEDPIE_0_TestingGrounds 1.075
[2017.12.06-20.36.45:669][696]Candidate modules for hot reload:
[2017.12.06-20.36.45:669][696]  HoverCars
[2017.12.06-20.36.45:669][696]Launching UnrealBuildTool... [C:/Program Files/Epic Games/UE_4.18/Engine/Binaries/DotNET/UnrealBuildTool.exe HoverCars -ModuleWithSuffix HoverCars 8556 Win64 Development -editorrecompile -canskiplink "D:/PROJECTS/Unreal/HoverCars/HoverCars.uproject" ]
[2017.12.06-20.36.45:671][696]Warning: Starting HotReload took  0.0s.
[2017.12.06-20.37.05:672][807]CompilerResultsLog: New page: Compilation - Dec 6, 2017, 10:37:05 PM
[2017.12.06-20.37.05:672][807]CompilerResultsLog: Using 'git status' to determine working set for adaptive non-unity build.
[2017.12.06-20.37.05:672][807]CompilerResultsLog: Compiling game modules for hot reload
[2017.12.06-20.37.05:673][807]CompilerResultsLog: Parsing headers for HoverCarsEditor
[2017.12.06-20.37.05:673][807]CompilerResultsLog:   Running UnrealHeaderTool "D:\PROJECTS\Unreal\HoverCars\HoverCars.uproject" "D:\PROJECTS\Unreal\HoverCars\Intermediate\Build\Win64\HoverCarsEditor\Development\HoverCarsEditor.uhtmanifest" -LogCmds="loginit warning, logexit warning, logdatabase error" -Unattended -WarningsAsErrors -installed
[2017.12.06-20.37.05:673][807]CompilerResultsLog: Reflection code generated for HoverCarsEditor in 14,3183578 seconds
[2017.12.06-20.37.05:673][807]CompilerResultsLog: Performing 4 actions (3 in parallel)
[2017.12.06-20.37.05:673][807]CompilerResultsLog: CarAIController.gen.cpp
[2017.12.06-20.37.05:674][807]CompilerResultsLog: CarAIController.cpp
[2017.12.06-20.37.05:674][807]CompilerResultsLog: [3/4] Link UE4Editor-HoverCars-8556.dll
[2017.12.06-20.37.05:674][807]CompilerResultsLog: [4/4] Link UE4Editor-HoverCars-8556.lib
[2017.12.06-20.37.05:674][807]CompilerResultsLog:    Creating library D:\PROJECTS\Unreal\HoverCars\Intermediate\Build\Win64\UE4Editor\Development\UE4Editor-HoverCars-8556.lib and object D:\PROJECTS\Unreal\HoverCars\Intermediate\Build\Win64\UE4Editor\Development\UE4Editor-HoverCars-8556.exp
[2017.12.06-20.37.05:674][807]CompilerResultsLog:    Creating library D:\PROJECTS\Unreal\HoverCars\Intermediate\Build\Win64\UE4Editor\Development\UE4Editor-HoverCars-8556.suppressed.lib and object D:\PROJECTS\Unreal\HoverCars\Intermediate\Build\Win64\UE4Editor\Development\UE4Editor-HoverCars-8556.suppressed.exp
[2017.12.06-20.37.05:675][807]CompilerResultsLog: Total build time: 19,61 seconds (Local executor: 3,14 seconds)
[2017.12.06-20.37.05:675][807]LogMainFrame: MainFrame: Module compiling took 20.012 seconds
[2017.12.06-20.37.05:832][807]LogContentBrowser: Native class hierarchy updated for 'HoverCars' in 0.0010 seconds. Added 6 classes and 3 folders.
[2017.12.06-20.37.05:837][807]Display: HotReload successful (4 functions remapped  0 scriptstructs remapped)
[2017.12.06-20.37.06:298][807]LogContentBrowser: Native class hierarchy populated in 0.0140 seconds. Added 2371 classes and 526 folders.
[2017.12.06-20.37.06:298][807]Display: HotReload took 20.7s.
[2017.12.06-20.37.06:820][846]LogTemp: Repeating last play command: Selected Viewport
[2017.12.06-20.37.06:842][846]LogPlayLevel: PlayLevel: No blueprints needed recompiling
[2017.12.06-20.37.06:842][846]PIE: New page: PIE session: TestingGrounds (Dec 6, 2017, 10:37:06 PM)
[2017.12.06-20.37.06:843][846]LogPlayLevel: Creating play world package: /Game/Maps/UEDPIE_0_TestingGrounds
[2017.12.06-20.37.06:855][846]LogPlayLevel: PIE: StaticDuplicateObject took: (0.012030s)
[2017.12.06-20.37.06:856][846]LogAIModule: Creating AISystem for world TestingGrounds
[2017.12.06-20.37.06:856][846]LogPlayLevel: PIE: World Init took: (0.001106s)
[2017.12.06-20.37.06:856][846]LogPlayLevel: PIE: Created PIE world by copying editor world from /Game/Maps/TestingGrounds.TestingGrounds to /Game/Maps/UEDPIE_0_TestingGrounds.TestingGrounds (0.013868s)
[2017.12.06-20.37.06:948][846]LogInit: XAudio2 using 'Speakers (Realtek High Definition Audio)' : 2 channels at 48 kHz using 32 bits per sample (channel mask 0x3)
[2017.12.06-20.37.06:962][846]LogInit: FAudioDevice initialized.
[2017.12.06-20.37.06:993][846]LogLoad: Game class is 'HoverCarsGameMode_BP_C'
[2017.12.06-20.37.06:995][846]LogWorld: Bringing World /Game/Maps/UEDPIE_0_TestingGrounds.TestingGrounds up for play (max tick rate 0) at 2017.12.06-21.37.06
[2017.12.06-20.37.06:996][846]LogWorld: Bringing up level for play took: 0.001770
[2017.12.06-20.37.06:998][846]PIE: Play in editor start time for /Game/Maps/UEDPIE_0_TestingGrounds -0.507
[2017.12.06-20.37.22:921][528]LogTemp: Repeating last play command: Selected Viewport
[2017.12.06-20.37.22:944][528]LogPlayLevel: PlayLevel: No blueprints needed recompiling
[2017.12.06-20.37.22:944][528]PIE: New page: PIE session: TestingGrounds (Dec 6, 2017, 10:37:22 PM)
[2017.12.06-20.37.22:944][528]LogPlayLevel: Creating play world package: /Game/Maps/UEDPIE_0_TestingGrounds
[2017.12.06-20.37.22:958][528]LogPlayLevel: PIE: StaticDuplicateObject took: (0.013126s)
[2017.12.06-20.37.22:959][528]LogAIModule: Creating AISystem for world TestingGrounds
[2017.12.06-20.37.22:960][528]LogPlayLevel: PIE: World Init took: (0.001935s)
[2017.12.06-20.37.22:961][528]LogPlayLevel: PIE: Created PIE world by copying editor world from /Game/Maps/TestingGrounds.TestingGrounds to /Game/Maps/UEDPIE_0_TestingGrounds.TestingGrounds (0.016326s)
[2017.12.06-20.37.23:013][528]LogInit: XAudio2 using 'Speakers (Realtek High Definition Audio)' : 2 channels at 48 kHz using 32 bits per sample (channel mask 0x3)
[2017.12.06-20.37.23:028][528]LogInit: FAudioDevice initialized.
[2017.12.06-20.37.23:066][528]LogLoad: Game class is 'HoverCarsGameMode_BP_C'
[2017.12.06-20.37.23:068][528]LogWorld: Bringing World /Game/Maps/UEDPIE_0_TestingGrounds.TestingGrounds up for play (max tick rate 0) at 2017.12.06-21.37.23
[2017.12.06-20.37.23:068][528]LogWorld: Bringing up level for play took: 0.001624
[2017.12.06-20.37.23:070][528]PIE: Play in editor start time for /Game/Maps/UEDPIE_0_TestingGrounds -0.435
[2017.12.06-20.37.46:782][644]LogEditorViewport: Clicking on Actor (LMB): TestPawn_BP_C (TestPawn_BP)
[2017.12.06-20.40.13:213][779]Candidate modules for hot reload:
[2017.12.06-20.40.13:213][779]  HoverCars
[2017.12.06-20.40.13:213][779]Launching UnrealBuildTool... [C:/Program Files/Epic Games/UE_4.18/Engine/Binaries/DotNET/UnrealBuildTool.exe HoverCars -ModuleWithSuffix HoverCars 320 Win64 Development -editorrecompile -canskiplink "D:/PROJECTS/Unreal/HoverCars/HoverCars.uproject" ]
[2017.12.06-20.40.13:215][779]Warning: Starting HotReload took  0.0s.
[2017.12.06-20.40.31:053][870]CompilerResultsLog: New page: Compilation - Dec 6, 2017, 10:40:31 PM
[2017.12.06-20.40.31:054][870]CompilerResultsLog: Using 'git status' to determine working set for adaptive non-unity build.
[2017.12.06-20.40.31:054][870]CompilerResultsLog: Compiling game modules for hot reload
[2017.12.06-20.40.31:054][870]CompilerResultsLog: Parsing headers for HoverCarsEditor
[2017.12.06-20.40.31:054][870]CompilerResultsLog:   Running UnrealHeaderTool "D:\PROJECTS\Unreal\HoverCars\HoverCars.uproject" "D:\PROJECTS\Unreal\HoverCars\Intermediate\Build\Win64\HoverCarsEditor\Development\HoverCarsEditor.uhtmanifest" -LogCmds="loginit warning, logexit warning, logdatabase error" -Unattended -WarningsAsErrors -installed
[2017.12.06-20.40.31:055][870]CompilerResultsLog: Reflection code generated for HoverCarsEditor in 12,7230441 seconds
[2017.12.06-20.40.31:055][870]CompilerResultsLog: Performing 4 actions (3 in parallel)
[2017.12.06-20.40.31:055][870]CompilerResultsLog: CarAIController.cpp
[2017.12.06-20.40.31:055][870]CompilerResultsLog: CarAIController.gen.cpp
[2017.12.06-20.40.31:055][870]CompilerResultsLog: [3/4] Link UE4Editor-HoverCars-320.dll
[2017.12.06-20.40.31:055][870]CompilerResultsLog: [4/4] Link UE4Editor-HoverCars-320.lib
[2017.12.06-20.40.31:055][870]CompilerResultsLog:    Creating library D:\PROJECTS\Unreal\HoverCars\Intermediate\Build\Win64\UE4Editor\Development\UE4Editor-HoverCars-320.lib and object D:\PROJECTS\Unreal\HoverCars\Intermediate\Build\Win64\UE4Editor\Development\UE4Editor-HoverCars-320.exp
[2017.12.06-20.40.31:056][870]CompilerResultsLog:    Creating library D:\PROJECTS\Unreal\HoverCars\Intermediate\Build\Win64\UE4Editor\Development\UE4Editor-HoverCars-320.suppressed.lib and object D:\PROJECTS\Unreal\HoverCars\Intermediate\Build\Win64\UE4Editor\Development\UE4Editor-HoverCars-320.suppressed.exp
[2017.12.06-20.40.31:056][870]CompilerResultsLog: Total build time: 17,52 seconds (Local executor: 2,95 seconds)
[2017.12.06-20.40.31:056][870]LogMainFrame: MainFrame: Module compiling took 17.848 seconds
[2017.12.06-20.40.31:206][870]LogContentBrowser: Native class hierarchy updated for 'HoverCars' in 0.0011 seconds. Added 6 classes and 3 folders.
[2017.12.06-20.40.31:211][870]Display: HotReload successful (4 functions remapped  0 scriptstructs remapped)
[2017.12.06-20.40.31:676][870]LogContentBrowser: Native class hierarchy populated in 0.0141 seconds. Added 2371 classes and 526 folders.
[2017.12.06-20.40.31:676][870]Display: HotReload took 18.5s.
[2017.12.06-20.40.37:420][305]LogTemp: Repeating last play command: Selected Viewport
[2017.12.06-20.40.37:442][305]LogPlayLevel: PlayLevel: No blueprints needed recompiling
[2017.12.06-20.40.37:442][305]PIE: New page: PIE session: TestingGrounds (Dec 6, 2017, 10:40:37 PM)
[2017.12.06-20.40.37:443][305]LogPlayLevel: Creating play world package: /Game/Maps/UEDPIE_0_TestingGrounds
[2017.12.06-20.40.37:456][305]LogPlayLevel: PIE: StaticDuplicateObject took: (0.013238s)
[2017.12.06-20.40.37:457][305]LogAIModule: Creating AISystem for world TestingGrounds
[2017.12.06-20.40.37:457][305]LogPlayLevel: PIE: World Init took: (0.001301s)
[2017.12.06-20.40.37:458][305]LogPlayLevel: PIE: Created PIE world by copying editor world from /Game/Maps/TestingGrounds.TestingGrounds to /Game/Maps/UEDPIE_0_TestingGrounds.TestingGrounds (0.015428s)
[2017.12.06-20.40.37:526][305]LogInit: XAudio2 using 'Speakers (Realtek High Definition Audio)' : 2 channels at 48 kHz using 32 bits per sample (channel mask 0x3)
[2017.12.06-20.40.37:541][305]LogInit: FAudioDevice initialized.
[2017.12.06-20.40.37:573][305]LogLoad: Game class is 'HoverCarsGameMode_BP_C'
[2017.12.06-20.40.37:575][305]LogWorld: Bringing World /Game/Maps/UEDPIE_0_TestingGrounds.TestingGrounds up for play (max tick rate 0) at 2017.12.06-21.40.37
[2017.12.06-20.40.37:576][305]LogWorld: Bringing up level for play took: 0.001611
[2017.12.06-20.40.37:578][305]PIE: Play in editor start time for /Game/Maps/UEDPIE_0_TestingGrounds 0.072
