Log file open, 12/03/17 14:48:40
LogWindows: Failed to load 'aqProf.dll' (GetLastError=126)
LogWindows: File 'aqProf.dll' does not exist
LogWindows: Failed to load 'VtuneApi.dll' (GetLastError=126)
LogWindows: File 'VtuneApi.dll' does not exist
LogWindows: Failed to load 'VtuneApi32e.dll' (GetLastError=126)
LogWindows: File 'VtuneApi32e.dll' does not exist
LogInit: Display: Running engine for game: HoverCars
LogPlatformFile: Not using cached read wrapper
LogInit: Display: RandInit(685794095) SRandInit(685794096).
LogInit: Read version file with build ID '3709383'
LogInit: Overriding engine version to CL 3754814, compatible CL 3709383
LogInit: Registered custom module enumerator with build ID '3709383'
LogTaskGraph: Started task graph with 5 named threads and 11 total threads with 3 sets of task threads.
LogStats: Stats thread started at 0.171422
LogD3D11RHI: Aftermath initialized
LogPluginManager: Mounting plugin Paper2D
LogPluginManager: Mounting plugin LightPropagationVolume
LogPluginManager: Mounting plugin CodeLiteSourceCodeAccess
LogPluginManager: Mounting plugin GitSourceControl
LogPluginManager: Mounting plugin KDevelopSourceCodeAccess
LogPluginManager: Mounting plugin NullSourceCodeAccess
LogPluginManager: Mounting plugin PerforceSourceControl
LogPluginManager: Mounting plugin SubversionSourceControl
LogPluginManager: Mounting plugin UObjectPlugin
LogPluginManager: Mounting plugin VisualStudioCodeSourceCodeAccess
LogPluginManager: Mounting plugin VisualStudioSourceCodeAccess
LogPluginManager: Mounting plugin XCodeSourceCodeAccess
LogPluginManager: Mounting plugin AssetManagerEditor
LogPluginManager: Mounting plugin AudioCapture
LogPluginManager: Mounting plugin FacialAnimation
LogPluginManager: Mounting plugin GameplayTagsEditor
LogPluginManager: Mounting plugin MobileLauncherProfileWizard
LogPluginManager: Mounting plugin PluginBrowser
LogPluginManager: Mounting plugin SpeedTreeImporter
LogPluginManager: Mounting plugin AlembicImporter
LogPluginManager: Mounting plugin CharacterAI
LogPluginManager: Mounting plugin HTML5Networking
LogPluginManager: Mounting plugin AndroidMedia
LogPluginManager: Mounting plugin AvfMedia
LogPluginManager: Mounting plugin ImgMedia
LogPluginManager: Mounting plugin MediaCompositing
LogPluginManager: Mounting plugin MediaPlayerEditor
LogPluginManager: Mounting plugin WmfMedia
LogPluginManager: Mounting plugin TcpMessaging
LogPluginManager: Mounting plugin UdpMessaging
LogPluginManager: Mounting plugin ActorSequence
LogPluginManager: Mounting plugin LevelSequenceEditor
LogPluginManager: Mounting plugin MatineeToLevelSequence
LogPluginManager: Mounting plugin OnlineSubsystemGooglePlay
LogPluginManager: Mounting plugin OnlineSubsystemIOS
LogPluginManager: Mounting plugin OnlineSubsystem
LogPluginManager: Mounting plugin OnlineSubsystemNull
LogPluginManager: Mounting plugin OnlineSubsystemUtils
LogPluginManager: Mounting plugin AndroidDeviceProfileSelector
LogPluginManager: Mounting plugin AndroidMoviePlayer
LogPluginManager: Mounting plugin AndroidPermission
LogPluginManager: Mounting plugin AppleARKit
LogPluginManager: Mounting plugin AppleMoviePlayer
LogPluginManager: Mounting plugin ArchVisCharacter
LogPluginManager: Mounting plugin CableComponent
LogPluginManager: Mounting plugin CustomMeshComponent
LogPluginManager: Mounting plugin ExampleDeviceProfileSelector
LogPluginManager: Mounting plugin GoogleCloudMessaging
LogPluginManager: Mounting plugin ImmediatePhysics
LogPluginManager: Mounting plugin IOSDeviceProfileSelector
LogPluginManager: Mounting plugin LinuxDeviceProfileSelector
LogPluginManager: Mounting plugin LocationServicesBPLibrary
LogPluginManager: Mounting plugin MobilePatchingUtils
LogPluginManager: Mounting plugin OculusVR
LogPluginManager: Plugin shader directory ../../../Engine/Plugins/Runtime/Oculus/OculusVR/Shaders found
LogPluginManager: Mapping shader source directory ../../../Engine/Plugins/Runtime/Oculus/OculusVR/Shaders to virtual directory /Plugin/OculusVR
LogPluginManager: Mounting plugin PhysXVehicles
LogPluginManager: Mounting plugin ProceduralMeshComponent
LogPluginManager: Mounting plugin RuntimePhysXCooking
LogPluginManager: Mounting plugin SteamVR
LogPluginManager: Mounting plugin WindowsMoviePlayer
LogModuleManager: Display: Found up-to-date module file D:/PROJECTS/Unreal/HoverCars/Binaries/Win64/UE4Editor-HoverCars-4521.dll (API version 3709383).
LogModuleManager: Display: Found up-to-date module file ../../../Engine/Plugins/2D/Paper2D/Binaries/Win64/UE4Editor-Paper2D.dll (API version 3709383).
LogModuleManager: Display: Found up-to-date module file ../../../Engine/Plugins/2D/Paper2D/Binaries/Win64/UE4Editor-Paper2DEditor.dll (API version 3709383).
LogModuleManager: Display: Found up-to-date module file ../../../Engine/Plugins/2D/Paper2D/Binaries/Win64/UE4Editor-PaperSpriteSheetImporter.dll (API version 3709383).
LogModuleManager: Display: Found up-to-date module file ../../../Engine/Plugins/2D/Paper2D/Binaries/Win64/UE4Editor-PaperTiledImporter.dll (API version 3709383).
LogModuleManager: Display: Found up-to-date module file ../../../Engine/Plugins/2D/Paper2D/Binaries/Win64/UE4Editor-SmartSnapping.dll (API version 3709383).
LogModuleManager: Display: Found up-to-date module file ../../../Engine/Plugins/Blendables/LightPropagationVolume/Binaries/Win64/UE4Editor-LightPropagationVolumeRuntime.dll (API version 3709383).
LogModuleManager: Display: Found up-to-date module file ../../../Engine/Plugins/Blendables/LightPropagationVolume/Binaries/Win64/UE4Editor-LightPropagationVolumeEditor.dll (API version 3709383).
LogModuleManager: Display: Found up-to-date module file ../../../Engine/Plugins/Developer/GitSourceControl/Binaries/Win64/UE4Editor-GitSourceControl.dll (API version 3709383).
LogModuleManager: Display: Found up-to-date module file ../../../Engine/Plugins/Developer/PerforceSourceControl/Binaries/Win64/UE4Editor-PerforceSourceControl.dll (API version 3709383).
LogModuleManager: Display: Found up-to-date module file ../../../Engine/Plugins/Developer/SubversionSourceControl/Binaries/Win64/UE4Editor-SubversionSourceControl.dll (API version 3709383).
LogModuleManager: Display: Found up-to-date module file ../../../Engine/Plugins/Developer/UObjectPlugin/Binaries/Win64/UE4Editor-UObjectPlugin.dll (API version 3709383).
LogModuleManager: Display: Found up-to-date module file ../../../Engine/Plugins/Developer/VisualStudioCodeSourceCodeAccess/Binaries/Win64/UE4Editor-VisualStudioCodeSourceCodeAccess.dll (API version 3709383).
LogModuleManager: Display: Found up-to-date module file ../../../Engine/Plugins/Developer/VisualStudioSourceCodeAccess/Binaries/Win64/UE4Editor-VisualStudioSourceCodeAccess.dll (API version 3709383).
LogModuleManager: Display: Found up-to-date module file ../../../Engine/Plugins/Editor/AssetManagerEditor/Binaries/Win64/UE4Editor-AssetManagerEditor.dll (API version 3709383).
LogModuleManager: Display: Found up-to-date module file ../../../Engine/Plugins/Editor/AudioCapture/Binaries/Win64/UE4Editor-AudioCapture.dll (API version 3709383).
LogModuleManager: Display: Found up-to-date module file ../../../Engine/Plugins/Editor/FacialAnimation/Binaries/Win64/UE4Editor-FacialAnimation.dll (API version 3709383).
LogModuleManager: Display: Found up-to-date module file ../../../Engine/Plugins/Editor/FacialAnimation/Binaries/Win64/UE4Editor-FacialAnimationEditor.dll (API version 3709383).
LogModuleManager: Display: Found up-to-date module file ../../../Engine/Plugins/Editor/GameplayTagsEditor/Binaries/Win64/UE4Editor-GameplayTagsEditor.dll (API version 3709383).
LogModuleManager: Display: Found up-to-date module file ../../../Engine/Plugins/Editor/MobileLauncherProfileWizard/Binaries/Win64/UE4Editor-MobileLauncherProfileWizard.dll (API version 3709383).
LogModuleManager: Display: Found up-to-date module file ../../../Engine/Plugins/Editor/PluginBrowser/Binaries/Win64/UE4Editor-PluginBrowser.dll (API version 3709383).
LogModuleManager: Display: Found up-to-date module file ../../../Engine/Plugins/Editor/SpeedTreeImporter/Binaries/Win64/UE4Editor-SpeedTreeImporter.dll (API version 3709383).
LogModuleManager: Display: Found up-to-date module file ../../../Engine/Plugins/Experimental/AlembicImporter/Binaries/Win64/UE4Editor-AlembicImporter.dll (API version 3709383).
LogModuleManager: Display: Found up-to-date module file ../../../Engine/Plugins/Experimental/AlembicImporter/Binaries/Win64/UE4Editor-AlembicLibrary.dll (API version 3709383).
LogModuleManager: Display: Found up-to-date module file ../../../Engine/Plugins/Experimental/CharacterAI/Binaries/Win64/UE4Editor-CharacterAI.dll (API version 3709383).
LogModuleManager: Display: Found up-to-date module file ../../../Engine/Plugins/Experimental/HTML5Networking/Binaries/Win64/UE4Editor-HTML5Networking.dll (API version 3709383).
LogModuleManager: Display: Found up-to-date module file ../../../Engine/Plugins/Media/AndroidMedia/Binaries/Win64/UE4Editor-AndroidMediaEditor.dll (API version 3709383).
LogModuleManager: Display: Found up-to-date module file ../../../Engine/Plugins/Media/AndroidMedia/Binaries/Win64/UE4Editor-AndroidMediaFactory.dll (API version 3709383).
LogModuleManager: Display: Found up-to-date module file ../../../Engine/Plugins/Media/AvfMedia/Binaries/Win64/UE4Editor-AvfMediaEditor.dll (API version 3709383).
LogModuleManager: Display: Found up-to-date module file ../../../Engine/Plugins/Media/AvfMedia/Binaries/Win64/UE4Editor-AvfMediaFactory.dll (API version 3709383).
LogModuleManager: Display: Found up-to-date module file ../../../Engine/Plugins/Media/AvfMedia/Binaries/Win64/UE4Editor-AvfMediaFactory.dll (API version 3709383).
LogModuleManager: Display: Found up-to-date module file ../../../Engine/Plugins/Media/ImgMedia/Binaries/Win64/UE4Editor-ImgMedia.dll (API version 3709383).
LogModuleManager: Display: Found up-to-date module file ../../../Engine/Plugins/Media/ImgMedia/Binaries/Win64/UE4Editor-ImgMediaEditor.dll (API version 3709383).
LogModuleManager: Display: Found up-to-date module file ../../../Engine/Plugins/Media/ImgMedia/Binaries/Win64/UE4Editor-ImgMediaFactory.dll (API version 3709383).
LogModuleManager: Display: Found up-to-date module file ../../../Engine/Plugins/Media/ImgMedia/Binaries/Win64/UE4Editor-ImgMediaFactory.dll (API version 3709383).
LogModuleManager: Display: Found up-to-date module file ../../../Engine/Plugins/Media/ImgMedia/Binaries/Win64/UE4Editor-OpenExrWrapper.dll (API version 3709383).
LogModuleManager: Display: Found up-to-date module file ../../../Engine/Plugins/Media/MediaCompositing/Binaries/Win64/UE4Editor-MediaCompositing.dll (API version 3709383).
LogModuleManager: Display: Found up-to-date module file ../../../Engine/Plugins/Media/MediaCompositing/Binaries/Win64/UE4Editor-MediaCompositingEditor.dll (API version 3709383).
LogModuleManager: Display: Found up-to-date module file ../../../Engine/Plugins/Media/MediaPlayerEditor/Binaries/Win64/UE4Editor-MediaPlayerEditor.dll (API version 3709383).
LogModuleManager: Display: Found up-to-date module file ../../../Engine/Plugins/Media/WmfMedia/Binaries/Win64/UE4Editor-WmfMedia.dll (API version 3709383).
LogModuleManager: Display: Found up-to-date module file ../../../Engine/Plugins/Media/WmfMedia/Binaries/Win64/UE4Editor-WmfMediaEditor.dll (API version 3709383).
LogModuleManager: Display: Found up-to-date module file ../../../Engine/Plugins/Media/WmfMedia/Binaries/Win64/UE4Editor-WmfMediaFactory.dll (API version 3709383).
LogModuleManager: Display: Found up-to-date module file ../../../Engine/Plugins/Media/WmfMedia/Binaries/Win64/UE4Editor-WmfMediaFactory.dll (API version 3709383).
LogModuleManager: Display: Found up-to-date module file ../../../Engine/Plugins/Messaging/TcpMessaging/Binaries/Win64/UE4Editor-TcpMessaging.dll (API version 3709383).
LogModuleManager: Display: Found up-to-date module file ../../../Engine/Plugins/Messaging/UdpMessaging/Binaries/Win64/UE4Editor-UdpMessaging.dll (API version 3709383).
LogModuleManager: Display: Found up-to-date module file ../../../Engine/Plugins/MovieScene/ActorSequence/Binaries/Win64/UE4Editor-ActorSequence.dll (API version 3709383).
LogModuleManager: Display: Found up-to-date module file ../../../Engine/Plugins/MovieScene/LevelSequenceEditor/Binaries/Win64/UE4Editor-LevelSequenceEditor.dll (API version 3709383).
LogModuleManager: Display: Found up-to-date module file ../../../Engine/Plugins/MovieScene/MatineeToLevelSequence/Binaries/Win64/UE4Editor-MatineeToLevelSequence.dll (API version 3709383).
LogModuleManager: Display: Found up-to-date module file ../../../Engine/Plugins/Online/OnlineSubsystem/Binaries/Win64/UE4Editor-OnlineSubsystem.dll (API version 3709383).
LogModuleManager: Display: Found up-to-date module file ../../../Engine/Plugins/Online/OnlineSubsystemNull/Binaries/Win64/UE4Editor-OnlineSubsystemNull.dll (API version 3709383).
LogModuleManager: Display: Found up-to-date module file ../../../Engine/Plugins/Online/OnlineSubsystemUtils/Binaries/Win64/UE4Editor-OnlineSubsystemUtils.dll (API version 3709383).
LogModuleManager: Display: Found up-to-date module file ../../../Engine/Plugins/Online/OnlineSubsystemUtils/Binaries/Win64/UE4Editor-OnlineBlueprintSupport.dll (API version 3709383).
LogModuleManager: Display: Found up-to-date module file ../../../Engine/Plugins/Runtime/AndroidDeviceProfileSelector/Binaries/Win64/UE4Editor-AndroidDeviceProfileSelector.dll (API version 3709383).
LogModuleManager: Display: Found up-to-date module file ../../../Engine/Plugins/Runtime/AndroidPermission/Binaries/Win64/UE4Editor-AndroidPermission.dll (API version 3709383).
LogModuleManager: Display: Found up-to-date module file ../../../Engine/Plugins/Runtime/AppleARKit/Binaries/Win64/UE4Editor-AppleARKit.dll (API version 3709383).
LogModuleManager: Display: Found up-to-date module file ../../../Engine/Plugins/Runtime/ArchVisCharacter/Binaries/Win64/UE4Editor-ArchVisCharacter.dll (API version 3709383).
LogModuleManager: Display: Found up-to-date module file ../../../Engine/Plugins/Runtime/CableComponent/Binaries/Win64/UE4Editor-CableComponent.dll (API version 3709383).
LogModuleManager: Display: Found up-to-date module file ../../../Engine/Plugins/Runtime/CustomMeshComponent/Binaries/Win64/UE4Editor-CustomMeshComponent.dll (API version 3709383).
LogModuleManager: Display: Found up-to-date module file ../../../Engine/Plugins/Runtime/ExampleDeviceProfileSelector/Binaries/Win64/UE4Editor-ExampleDeviceProfileSelector.dll (API version 3709383).
LogModuleManager: Display: Found up-to-date module file ../../../Engine/Plugins/Runtime/ImmediatePhysics/Binaries/Win64/UE4Editor-ImmediatePhysics.dll (API version 3709383).
LogModuleManager: Display: Found up-to-date module file ../../../Engine/Plugins/Runtime/ImmediatePhysics/Binaries/Win64/UE4Editor-ImmediatePhysicsEditor.dll (API version 3709383).
LogModuleManager: Display: Found up-to-date module file ../../../Engine/Plugins/Runtime/LocationServicesBPLibrary/Binaries/Win64/UE4Editor-LocationServicesBPLibrary.dll (API version 3709383).
LogModuleManager: Display: Found up-to-date module file ../../../Engine/Plugins/Runtime/MobilePatchingUtils/Binaries/Win64/UE4Editor-MobilePatchingUtils.dll (API version 3709383).
LogModuleManager: Display: Found up-to-date module file ../../../Engine/Plugins/Runtime/Oculus/OculusVR/Binaries/Win64/UE4Editor-OculusHMD.dll (API version 3709383).
LogModuleManager: Display: Found up-to-date module file ../../../Engine/Plugins/Runtime/Oculus/OculusVR/Binaries/Win64/UE4Editor-OculusInput.dll (API version 3709383).
LogModuleManager: Display: Found up-to-date module file ../../../Engine/Plugins/Runtime/Oculus/OculusVR/Binaries/Win64/UE4Editor-OculusEditor.dll (API version 3709383).
LogModuleManager: Display: Found up-to-date module file ../../../Engine/Plugins/Runtime/PhysXVehicles/Binaries/Win64/UE4Editor-PhysXVehicles.dll (API version 3709383).
LogModuleManager: Display: Found up-to-date module file ../../../Engine/Plugins/Runtime/PhysXVehicles/Binaries/Win64/UE4Editor-PhysXVehiclesEditor.dll (API version 3709383).
LogModuleManager: Display: Found up-to-date module file ../../../Engine/Plugins/Runtime/ProceduralMeshComponent/Binaries/Win64/UE4Editor-ProceduralMeshComponent.dll (API version 3709383).
LogModuleManager: Display: Found up-to-date module file ../../../Engine/Plugins/Runtime/ProceduralMeshComponent/Binaries/Win64/UE4Editor-ProceduralMeshComponentEditor.dll (API version 3709383).
LogModuleManager: Display: Found up-to-date module file ../../../Engine/Plugins/Runtime/RuntimePhysXCooking/Binaries/Win64/UE4Editor-RuntimePhysXCooking.dll (API version 3709383).
LogModuleManager: Display: Found up-to-date module file ../../../Engine/Plugins/Runtime/Steam/SteamVR/Binaries/Win64/UE4Editor-SteamVR.dll (API version 3709383).
LogModuleManager: Display: Found up-to-date module file ../../../Engine/Plugins/Runtime/Steam/SteamVR/Binaries/Win64/UE4Editor-SteamVRController.dll (API version 3709383).
LogModuleManager: Display: Found up-to-date module file ../../../Engine/Plugins/Runtime/WindowsMoviePlayer/Binaries/Win64/UE4Editor-WindowsMoviePlayer.dll (API version 3709383).
LogInit: Using libcurl 7.47.1
LogInit:  - built for x86_64-pc-win32
LogInit:  - supports SSL with OpenSSL/1.0.2g
LogInit:  - supports HTTP deflate (compression) using libz 1.2.8
LogInit:  - other features:
LogInit:      CURL_VERSION_SSL
LogInit:      CURL_VERSION_LIBZ
LogInit:      CURL_VERSION_IPV6
LogInit:      CURL_VERSION_ASYNCHDNS
LogInit:      CURL_VERSION_LARGEFILE
LogInit:      CURL_VERSION_IDN
LogInit:  CurlRequestOptions (configurable via config and command line):
LogInit:  - bVerifyPeer = false  - Libcurl will NOT verify peer certificate
LogInit:  - bUseHttpProxy = false  - Libcurl will NOT use HTTP proxy
LogInit:  - bDontReuseConnections = false  - Libcurl will reuse connections
LogInit:  - CertBundlePath = nullptr  - Libcurl will use whatever was configured at build time.
LogInit: Build: ++UE4+Release-4.18-CL-3754814
LogInit: Engine Version: 4.18.1-3754814+++UE4+Release-4.18
LogInit: Compatible Engine Version: 4.18.0-3709383+++UE4+Release-4.18
LogInit: Net CL: 3709383
LogDevObjectVersion: Number of dev versions registered: 16
LogDevObjectVersion:   Dev-Blueprints (B0D832E4-1F89-4F0D-ACCF-7EB736FD4AA2): 10
LogDevObjectVersion:   Dev-Build (E1C64328-A22C-4D53-A36C-8E866417BD8C): 0
LogDevObjectVersion:   Dev-Core (375EC13C-06E4-48FB-B500-84F0262A717E): 2
LogDevObjectVersion:   Dev-Editor (E4B068ED-F494-42E9-A231-DA0B2E46BB41): 20
LogDevObjectVersion:   Dev-Framework (CFFC743F-43B0-4480-9391-14DF171D2073): 30
LogDevObjectVersion:   Dev-Mobile (B02B49B5-BB20-44E9-A304-32B752E40360): 0
LogDevObjectVersion:   Dev-Networking (A4E4105C-59A1-49B5-A7C5-40C4547EDFEE): 0
LogDevObjectVersion:   Dev-Online (39C831C9-5AE6-47DC-9A44-9C173E1C8E7C): 0
LogDevObjectVersion:   Dev-Physics (78F01B33-EBEA-4F98-B9B4-84EACCB95AA2): 0
LogDevObjectVersion:   Dev-Platform (6631380F-2D4D-43E0-8009-CF276956A95A): 0
LogDevObjectVersion:   Dev-Rendering (12F88B9F-8875-4AFC-A67C-D90C383ABD29): 20
LogDevObjectVersion:   Dev-Sequencer (7B5AE74C-D270-4C10-A958-57980B212A5A): 4
LogDevObjectVersion:   Dev-VR (D7296918-1DD6-4BDD-9DE2-64A83CC13884): 0
LogDevObjectVersion:   Dev-LoadTimes (C2A15278-BFE7-4AFE-6C17-90FF531DF755): 1
LogDevObjectVersion:   Private-Geometry (6EACA3D4-40EC-4CC1-B786-8BED09428FC5): 1
LogDevObjectVersion:   Dev-AnimPhys (29E575DD-E0A3-4627-9D10-D276232CDCEA): 12
LogInit: Compiled (64-bit): Nov 14 2017 02:05:55
LogInit: Compiled with Visual C++: 19.00.24215.01
LogInit: Build Configuration: Development
LogInit: Branch Name: ++UE4+Release-4.18
LogInit: Command line:  
LogInit: Base directory: C:/Program Files/Epic Games/UE_4.18/Engine/Binaries/Win64/
LogInit: Installed Engine Build: 1
LogInit: Presizing for max 8388607 objects, including 0 objects not considered by GC, pre-allocating 0 bytes for permanent pool.
LogInit: Object subsystem initialized
[2017.12.03-13.48.43:799][  0]LogInit: Selected Device Profile: [Windows]
[2017.12.03-13.48.43:799][  0]LogInit: Applying CVar settings loaded from the selected device profile: [Windows]
[2017.12.03-13.48.43:815][  0]LogInit: Computer: VLEPA-PC
[2017.12.03-13.48.43:815][  0]LogInit: User: vlePa
[2017.12.03-13.48.43:815][  0]LogInit: CPU Page size=4096, Cores=3
[2017.12.03-13.48.43:815][  0]LogInit: High frequency timer resolution =3.429442 MHz
[2017.12.03-13.48.43:815][  0]LogMemory: Memory total: Physical=15.9GB (16GB approx)
[2017.12.03-13.48.43:815][  0]LogMemory: Platform Memory Stats for Windows
[2017.12.03-13.48.43:815][  0]LogMemory: Process Physical Memory: 273.41 MB used, 273.41 MB peak
[2017.12.03-13.48.43:815][  0]LogMemory: Process Virtual Memory: 269.71 MB used, 269.71 MB peak
[2017.12.03-13.48.43:815][  0]LogMemory: Physical Memory: 4311.74 MB used,  11972.61 MB free, 16284.35 MB total
[2017.12.03-13.48.43:815][  0]LogMemory: Virtual Memory: 675.80 MB used,  11972.61 MB free, 134217728.00 MB total
[2017.12.03-13.48.44:083][  0]LogInit: Using OS detected language (en-US).
[2017.12.03-13.48.44:083][  0]LogInit: Using OS detected locale (hr-HR).
[2017.12.03-13.48.44:087][  0]LogTextLocalizationManager: No specific localization for 'en-US' exists, so the 'en' localization will be used.
[2017.12.03-13.48.44:087][  0]LogTextLocalizationManager: No localization for 'hr-HR' exists, so 'en-US' will be used for the locale.
[2017.12.03-13.48.44:583][  0]LogInit: Setting process to per monitor DPI aware
[2017.12.03-13.48.44:939][  0]LogD3D11RHI: D3D11 adapters:
[2017.12.03-13.48.44:994][  0]LogD3D11RHI:    0. 'NVIDIA GeForce GTX 760' (Feature Level 11_0)
[2017.12.03-13.48.44:994][  0]LogD3D11RHI:       2017/0/8142 MB DedicatedVideo/DedicatedSystem/SharedSystem, Outputs:1, VendorId:0x10de
[2017.12.03-13.48.44:997][  0]LogD3D11RHI:    1. 'Microsoft Basic Render Driver' (Feature Level 11_0)
[2017.12.03-13.48.44:997][  0]LogD3D11RHI:       0/0/8142 MB DedicatedVideo/DedicatedSystem/SharedSystem, Outputs:0, VendorId:0x1414
[2017.12.03-13.48.44:997][  0]LogD3D11RHI: Chosen D3D11 Adapter: 0
[2017.12.03-13.48.45:005][  0]LogD3D11RHI: Creating new Direct3DDevice
[2017.12.03-13.48.45:005][  0]LogD3D11RHI:     GPU DeviceId: 0x1187 (for the marketing name, search the web for "GPU Device Id")
[2017.12.03-13.48.45:005][  0]LogWindows: EnumDisplayDevices:
[2017.12.03-13.48.45:005][  0]LogWindows:    0. 'NVIDIA GeForce GTX 760' (P:1 D:1)
[2017.12.03-13.48.45:005][  0]LogWindows:    1. 'NVIDIA GeForce GTX 760' (P:0 D:0)
[2017.12.03-13.48.45:005][  0]LogWindows:    2. 'NVIDIA GeForce GTX 760' (P:0 D:0)
[2017.12.03-13.48.45:006][  0]LogWindows:    3. 'NVIDIA GeForce GTX 760' (P:0 D:0)
[2017.12.03-13.48.45:006][  0]LogWindows: DebugString: GetVideoDriverDetailsInvalid PrimaryIsNotTheChoosenAdapter GetVideoDriverDetailsInvalid PrimaryIsNotTheChoosenAdapter GetVideoDriverDetailsInvalid PrimaryIsNotTheChoosenAdapter GetVideoDriverDetailsInvalid PrimaryIsNotTheChoosenAdapter FoundDriverCount:0 
[2017.12.03-13.48.45:006][  0]LogD3D11RHI:     Adapter Name: NVIDIA GeForce GTX 760
[2017.12.03-13.48.45:006][  0]LogD3D11RHI:   Driver Version: Unknown (internal:Unknown, unified:Unknown)
[2017.12.03-13.48.45:006][  0]LogD3D11RHI:      Driver Date: Unknown
[2017.12.03-13.48.45:006][  0]LogRHI: Texture pool is 1412 MB (70% of 2017 MB)
[2017.12.03-13.48.45:036][  0]LogD3D11RHI: Async texture creation enabled
[2017.12.03-13.48.45:051][  0]LogD3D11RHI: GPU Timing Frequency: 1000.000000 (Debug: 2 1)
[2017.12.03-13.48.45:100][  0]LogShaderCompilers: Guid format shader working directory is 18 characters bigger than the processId version (D:/PROJECTS/Unreal/HoverCars/Intermediate/Shaders/WorkingDirectory/8720/).
[2017.12.03-13.48.45:100][  0]LogShaderCompilers: Cleaned the shader compiler working directory 'C:/Users/vlePa/AppData/Local/Temp/UnrealShaderWorkingDir/53A067D54B4C1ECB17BCD9ADD8BCA6A9/'.
[2017.12.03-13.48.45:100][  0]LogShaderCompilers: Display: Using Local Shader Compiler.
[2017.12.03-13.48.46:471][  0]LogTemp: Display: Loaded TP AllDesktopTargetPlatform
[2017.12.03-13.48.46:562][  0]LogTemp: Display: Loaded TP MacClientTargetPlatform
[2017.12.03-13.48.46:652][  0]LogTemp: Display: Loaded TP MacNoEditorTargetPlatform
[2017.12.03-13.48.46:741][  0]LogTemp: Display: Loaded TP MacServerTargetPlatform
[2017.12.03-13.48.46:830][  0]LogTemp: Display: Loaded TP MacTargetPlatform
[2017.12.03-13.48.46:919][  0]LogTemp: Display: Loaded TP WindowsClientTargetPlatform
[2017.12.03-13.48.47:010][  0]LogTemp: Display: Loaded TP WindowsNoEditorTargetPlatform
[2017.12.03-13.48.47:099][  0]LogTemp: Display: Loaded TP WindowsServerTargetPlatform
[2017.12.03-13.48.47:181][  0]LogTemp: Display: Loaded TP WindowsTargetPlatform
[2017.12.03-13.48.47:268][  0]LogTemp: Display: Loaded TP Android_ASTCTargetPlatform
[2017.12.03-13.48.47:356][  0]LogTemp: Display: Loaded TP Android_ATCTargetPlatform
[2017.12.03-13.48.47:443][  0]LogTemp: Display: Loaded TP Android_DXTTargetPlatform
[2017.12.03-13.48.47:531][  0]LogTemp: Display: Loaded TP Android_ETC1TargetPlatform
[2017.12.03-13.48.47:623][  0]LogTemp: Display: Loaded TP Android_ETC2TargetPlatform
[2017.12.03-13.48.47:818][  0]LogTemp: Display: Loaded TP Android_MultiTargetPlatform
[2017.12.03-13.48.47:818][  0]LogTemp: Display: Loaded TP Android_PVRTCTargetPlatform
[2017.12.03-13.48.47:907][  0]LogTemp: Display: Loaded TP AndroidTargetPlatform
[2017.12.03-13.48.47:981][  0]LogTemp: Display: Loaded TP HTML5TargetPlatform
[2017.12.03-13.48.48:126][  0]LogTemp: Display: Loaded TP IOSTargetPlatform
[2017.12.03-13.48.48:173][  0]LogTemp: Display: Loaded TP TVOSTargetPlatform
[2017.12.03-13.48.48:260][  0]LogTemp: Display: Loaded TP LinuxClientTargetPlatform
[2017.12.03-13.48.48:347][  0]LogTemp: Display: Loaded TP LinuxNoEditorTargetPlatform
[2017.12.03-13.48.48:437][  0]LogTemp: Display: Loaded TP LinuxServerTargetPlatform
[2017.12.03-13.48.48:526][  0]LogTemp: Display: Loaded TP LinuxTargetPlatform
[2017.12.03-13.48.48:526][  0]LogTargetPlatformManager: Display: Building Assets For Windows
[2017.12.03-13.48.49:424][  0]LogDerivedDataCache: Display: Max Cache Size: 512 MB
[2017.12.03-13.48.49:548][  0]LogDerivedDataCache: Loaded boot cache 0.12s 78MB C:/Users/vlePa/AppData/Local/UnrealEngine/4.18/DerivedDataCache/Boot.ddc.
[2017.12.03-13.48.49:548][  0]LogDerivedDataCache: Display: Loaded Boot cache: C:/Users/vlePa/AppData/Local/UnrealEngine/4.18/DerivedDataCache/Boot.ddc
[2017.12.03-13.48.49:548][  0]LogDerivedDataCache: FDerivedDataBackendGraph:  Pak pak cache file D:/PROJECTS/Unreal/HoverCars/DerivedDataCache/DDC.ddp not found, will not use a pak cache.
[2017.12.03-13.48.49:548][  0]LogDerivedDataCache: Unable to find inner node Pak for hierarchical cache Hierarchy.
[2017.12.03-13.48.49:548][  0]LogDerivedDataCache: FDerivedDataBackendGraph:  CompressedPak pak cache file D:/PROJECTS/Unreal/HoverCars/DerivedDataCache/Compressed.ddp not found, will not use a pak cache.
[2017.12.03-13.48.49:548][  0]LogDerivedDataCache: Unable to find inner node CompressedPak for hierarchical cache Hierarchy.
[2017.12.03-13.48.49:570][  0]LogDerivedDataCache: Display: Pak cache opened for reading ../../../Engine/DerivedDataCache/Compressed.ddp.
[2017.12.03-13.48.49:582][  0]LogDerivedDataCache: Using Local data cache path C:/Users/vlePa/AppData/Local/UnrealEngine/Common/DerivedDataCache: Writable
[2017.12.03-13.48.49:597][  0]LogMaterial: Verifying Global Shaders for PCD3D_SM5
[2017.12.03-13.48.49:598][  0]LogSlate: Using Freetype 2.6.0
[2017.12.03-13.48.49:598][  0]LogSlate: SlateFontCache - WITH_FREETYPE: 1, WITH_HARFBUZZ: 1
[2017.12.03-13.48.49:598][  0]LogSlate: SlateFontCache - WITH_FREETYPE: 1, WITH_HARFBUZZ: 1
[2017.12.03-13.48.50:121][  0]LogInit: Selected Device Profile: [Windows]
[2017.12.03-13.48.50:671][  0]LogSimplygon: Simplygon DLL not present - disabling.
[2017.12.03-13.48.50:745][  0]LogMeshReduction: Using SimplygonSwarm for distributed automatic mesh merging
[2017.12.03-13.48.50:745][  0]LogMeshReduction: Using QuadricMeshReduction for automatic static mesh reduction
[2017.12.03-13.48.50:745][  0]LogMeshReduction: No automatic skeletal mesh reduction module available
[2017.12.03-13.48.50:745][  0]LogMeshReduction: No automatic mesh merging module available
[2017.12.03-13.48.50:745][  0]LogMeshMerging: No automatic mesh merging module available
[2017.12.03-13.48.50:791][  0]LogNetVersion: HoverCars , NetCL: 3709383, EngineNetVer: 2, GameNetVer: 0 (Checksum: 846766821)
[2017.12.03-13.48.51:039][  0]LogAssetRegistry: FAssetRegistry took 0.0280 seconds to start up
[2017.12.03-13.48.51:767][  0]LogPackageLocalizationCache: Processed 7 localized package path(s) for 2 prioritized culture(s) in 0.064087 seconds
[2017.12.03-13.48.51:774][  0]LogUObjectArray: 35900 objects as part of root set at end of initial load.
[2017.12.03-13.48.51:774][  0]LogUObjectAllocator: 7372016 out of 0 bytes used by permanent object pool.
[2017.12.03-13.48.51:774][  0]LogUObjectArray: CloseDisregardForGC: 0/0 objects in disregard for GC pool
[2017.12.03-13.48.51:878][  0]LogInit: WinSock: version 1.1 (2.2), MaxSocks=32767, MaxUdp=65467
[2017.12.03-13.48.56:547][  0]LogTcpMessaging: Initializing TcpMessaging bridge
[2017.12.03-13.48.56:617][  0]LogUdpMessaging: Initializing bridge on interface 0.0.0.0:0 to multicast group 230.0.0.1:6666.
[2017.12.03-13.48.57:881][  0]LogMaterial: Uniform references updated for custom material expression Custom.
[2017.12.03-13.48.58:654][  0]SourceControl: Source control is disabled
[2017.12.03-13.48.58:655][  0]SourceControl: Source control is disabled
[2017.12.03-13.48.58:754][  0]SourceControl: Source control is disabled
[2017.12.03-13.48.58:852][  0]SourceControl: Source control is disabled
[2017.12.03-13.49.00:351][  0]LogAndroidPermission: UAndroidPermissionCallbackProxy::GetInstance
[2017.12.03-13.49.00:850][  0]LogOcInput: OculusInput pre-init called
[2017.12.03-13.49.01:321][  0]LogEngine: Initializing Engine...
[2017.12.03-13.49.01:324][  0]LogHMD: Failed to initialize OpenVR with code 110
[2017.12.03-13.49.01:619][  0]LogStats: UGameplayTagsManager::ConstructGameplayTagTree: Construct from data asset -  0.000 s
[2017.12.03-13.49.01:619][  0]LogStats: UGameplayTagsManager::ConstructGameplayTagTree: GameplayTagTreeChangedEvent.Broadcast -  0.000 s
[2017.12.03-13.49.01:858][  0]LogAIModule: Creating AISystem for world Untitled
[2017.12.03-13.49.01:875][  0]LogInit: XAudio2 using 'Speakers (Realtek High Definition Audio)' : 2 channels at 48 kHz using 32 bits per sample (channel mask 0x3)
[2017.12.03-13.49.01:894][  0]LogInit: FAudioDevice initialized.
[2017.12.03-13.49.02:007][  0]LogDerivedDataCache: Saved boot cache 0.11s 78MB C:/Users/vlePa/AppData/Local/UnrealEngine/4.18/DerivedDataCache/Boot.ddc.
[2017.12.03-13.49.02:031][  0]LogInit: Texture streaming: Enabled
[2017.12.03-13.49.02:220][  0]LogEngineSessionManager: EngineSessionManager initialized
[2017.12.03-13.49.02:461][  0]LogInit: Transaction tracking system initialized
[2017.12.03-13.49.03:042][  0]BlueprintLog: New page: Editor Load
[2017.12.03-13.49.04:692][  0]LocalizationService: Localization service is disabled
[2017.12.03-13.49.05:650][  0]LogLinker: Warning: Can't find file '/Game/TwinStickCPP/TwinStickOverview'
[2017.12.03-13.49.05:651][  0]LogLinker: Warning: Can't find file '/Game/TwinStickCPP/TwinStickOverview'
[2017.12.03-13.49.05:651][  0]LogUObjectGlobals: Warning: Failed to find object 'Class /Game/TwinStickCPP/TwinStickOverview.TwinStickOverview_C'
[2017.12.03-13.49.06:043][  0]LogConsoleResponse: Display: 
[2017.12.03-13.49.06:300][  0]LogCook: Display: Max memory allowance for cook 16384mb min free memory 0mb
[2017.12.03-13.49.06:300][  0]LogCook: Display: Mobile HDR setting 1
[2017.12.03-13.49.06:300][  0]LogGameplayTags: Display: UGameplayTagsManager::DoneAddingNativeTags. DelegateIsBound: 0
[2017.12.03-13.49.07:083][  0]LogFileCache: Scanning file cache for directory 'D:/PROJECTS/Unreal/HoverCars/Content/' took 0.01s
[2017.12.03-13.49.08:511][  0]SourceControl: Source control is disabled
[2017.12.03-13.49.08:512][  0]Cmd: MAP LOAD FILE="D:/PROJECTS/Unreal/HoverCars/Content/Maps/TestingGrounds.umap" TEMPLATE=0 SHOWPROGRESS=1 FEATURELEVEL=3
[2017.12.03-13.49.08:512][  0]LightingResults: New page: Lighting Build
[2017.12.03-13.49.08:587][  0]MapCheck: New page: Map Check
[2017.12.03-13.49.08:587][  0]LightingResults: New page: Lighting Build
[2017.12.03-13.49.08:907][  0]LogAIModule: Creating AISystem for world TestingGrounds
[2017.12.03-13.49.08:920][  0]LogEditorServer: Finished looking for orphan Actors (0.000 secs)
[2017.12.03-13.49.08:946][  0]Cmd: MAP CHECKDEP NOCLEARLOG
[2017.12.03-13.49.09:023][  0]MapCheck: Map check complete: 0 Error(s), 0 Warning(s), took 77.143ms to complete.
[2017.12.03-13.49.09:023][  0]LogFileHelpers: Loading map 'TestingGrounds' took 0.512
[2017.12.03-13.49.09:285][  0]LogCollectionManager: Loaded 0 collections in 0.002585 seconds
[2017.12.03-13.49.09:400][  0]LogFileCache: Scanning file cache for directory 'D:/PROJECTS/Unreal/HoverCars/Saved/Collections/' took 0.01s
[2017.12.03-13.49.09:400][  0]LogFileCache: Scanning file cache for directory 'D:/PROJECTS/Unreal/HoverCars/Content/Developers/vlePa/Collections/' took 0.01s
[2017.12.03-13.49.09:400][  0]LogFileCache: Scanning file cache for directory 'D:/PROJECTS/Unreal/HoverCars/Content/Collections/' took 0.01s
[2017.12.03-13.49.09:400][  0]LogCollectionManager: Rebuilt the GUID cache for 0 collections in 0.000000 seconds
[2017.12.03-13.49.09:415][  0]LogContentBrowser: Native class hierarchy populated in 0.0146 seconds. Added 2370 classes and 524 folders.
[2017.12.03-13.49.09:538][  0]LogContentBrowser: Native class hierarchy updated for 'WidgetCarousel' in 0.0010 seconds. Added 0 classes and 0 folders.
[2017.12.03-13.49.09:604][  0]LogContentBrowser: Native class hierarchy updated for 'AddContentDialog' in 0.0010 seconds. Added 0 classes and 0 folders.
[2017.12.03-13.49.09:668][  0]LogSlate: Took 0.000336 seconds to synchronously load lazily loaded font '../../../Engine/Content/Slate/Fonts/Roboto-Regular.ttf' (155K)
[2017.12.03-13.49.09:676][  0]LogSlate: Took 0.000372 seconds to synchronously load lazily loaded font '../../../Engine/Content/Slate/Fonts/Roboto-Bold.ttf' (160K)
[2017.12.03-13.49.09:809][  0]LogRenderer: Reallocating scene render targets to support 1648x940 Format 10 NumSamples 1 (Frame:1).
[2017.12.03-13.49.10:092][  0]LogContentBrowser: Native class hierarchy updated for 'HierarchicalLODOutliner' in 0.0010 seconds. Added 1 classes and 2 folders.
[2017.12.03-13.49.10:093][  0]LogLoad: (Engine Initialization) Total time: 30.66 seconds
[2017.12.03-13.49.10:093][  0]LogLoad: (Engine Initialization) Total Blueprint compile time: 0.00 seconds
[2017.12.03-13.49.10:093][  0]LogExternalProfiler: Found external profiler: VSPerf
[2017.12.03-13.49.10:093][  0]LogExternalProfiler: Using external profiler: VSPerf
[2017.12.03-13.49.10:103][  0]LogWindowsTextInputMethodSystem: Display: IME system now deactivated.
[2017.12.03-13.49.10:123][  0]LogContentStreaming: Texture pool size now 1000 MB
[2017.12.03-13.49.10:183][  1]LogAssetRegistry: Asset discovery search completed in 19.1655 seconds
[2017.12.03-13.49.10:186][  1]LogCollectionManager: Rebuilt the object cache for 0 collections in 0.000001 seconds (found 0 objects)
[2017.12.03-13.49.10:186][  1]LogCollectionManager: Fixed up redirectors for 0 collections in 0.000085 seconds (updated 0 objects)
[2017.12.03-13.49.11:123][ 80]LogSlate: Took 0.000311 seconds to synchronously load lazily loaded font '../../../Engine/Content/Slate/Fonts/Roboto-Light.ttf' (159K)
[2017.12.03-13.49.15:248][426]LogSlate: Only BGRA pngs, bmps or icos are supported in by External Image Picker
[2017.12.03-13.49.15:313][427]LogTemp: Executing iPhonePackager certificates Engine -bundlename com.YourCompany.HoverCars
[2017.12.03-13.49.15:313][427]LogTemp: CWD: C:\Program Files\Epic Games\UE_4.18\Engine\Binaries\DotNET\IOS
[2017.12.03-13.49.15:313][427]LogTemp: Initial Dir: C:\Program Files\Epic Games\UE_4.18
[2017.12.03-13.49.15:313][427]LogTemp: Env CWD: C:\Program Files\Epic Games\UE_4.18\Engine\Binaries\DotNET\IOS
[2017.12.03-13.49.15:313][427]LogTemp: BranchPath = VLEPA-PC/C/Program Files/Epic Games/UE_4.18/Engine/Binaries --- GameBranchPath = VLEPA-PC/C/Program Files/Epic Games/UE_4.18/Engine/Binaries
[2017.12.03-13.49.15:329][428]LogTemp: IPP ERROR: Could not find provision directory 'C:\Users\vlePa\AppData\Local/Apple Computer/MobileDevice/Provisioning Profiles/'.
[2017.12.03-13.49.21:727][174]LogWindowsTextInputMethodSystem: Display: IME system now deactivated.
[2017.12.03-13.49.21:968][175]Cmd: QUIT_EDITOR
[2017.12.03-13.49.22:009][175]LogExit: Preparing to exit.
[2017.12.03-13.49.22:777][175]LogExit: Editor shut down
[2017.12.03-13.49.22:785][175]LogExit: Transaction tracking system shut down
[2017.12.03-13.49.22:977][175]LogDirectoryWatcher: A directory notification for '../../../Engine/Content/' was aborted.
[2017.12.03-13.49.22:977][175]LogDirectoryWatcher: A directory notification for 'D:/PROJECTS/Unreal/HoverCars/Content/' was aborted.
[2017.12.03-13.49.22:977][175]LogDirectoryWatcher: A directory notification for '../../../Engine/Plugins/2D/Paper2D/Content/' was aborted.
[2017.12.03-13.49.22:977][175]LogDirectoryWatcher: A directory notification for '../../../Engine/Plugins/Media/MediaCompositing/Content/' was aborted.
[2017.12.03-13.49.22:977][175]LogDirectoryWatcher: A directory notification for '../../../Engine/Plugins/Runtime/AppleARKit/Content/' was aborted.
[2017.12.03-13.49.22:977][175]LogDirectoryWatcher: A directory notification for '../../../Engine/Plugins/Runtime/Oculus/OculusVR/Content/' was aborted.
[2017.12.03-13.49.22:977][175]LogDirectoryWatcher: A directory notification for '../../../Engine/Plugins/Runtime/Steam/SteamVR/Content/' was aborted.
[2017.12.03-13.49.23:033][175]LogExit: Object subsystem successfully closed.
[2017.12.03-13.49.23:159][175]LogD3D11RHI: Shutdown
[2017.12.03-13.49.23:159][175]LogD3D11RHI: CleanupD3DDevice
[2017.12.03-13.49.23:162][175]LogD3D11RHI: ~FD3D11DynamicRHI
[2017.12.03-13.49.23:192][175]LogModuleManager: Shutting down and abandoning module ExternalImagePicker (552)
[2017.12.03-13.49.23:192][175]LogModuleManager: Shutting down and abandoning module HierarchicalLODOutliner (550)
[2017.12.03-13.49.23:192][175]LogModuleManager: Shutting down and abandoning module DesktopPlatform (548)
[2017.12.03-13.49.23:192][175]LogModuleManager: Shutting down and abandoning module AddContentDialog (546)
[2017.12.03-13.49.23:192][175]LogDirectoryWatcher: A directory notification for 'C:/Program Files/Epic Games/UE_4.18/FeaturePacks/' was aborted.
[2017.12.03-13.49.23:193][175]LogModuleManager: Shutting down and abandoning module WidgetCarousel (545)
[2017.12.03-13.49.23:193][175]LogModuleManager: Shutting down and abandoning module EditorWidgets (542)
[2017.12.03-13.49.23:193][175]LogModuleManager: Shutting down and abandoning module CollectionManager (540)
[2017.12.03-13.49.23:193][175]LogDirectoryWatcher: A directory notification for 'D:/PROJECTS/Unreal/HoverCars/Content/Collections/' was aborted.
[2017.12.03-13.49.23:193][175]LogDirectoryWatcher: A directory notification for 'D:/PROJECTS/Unreal/HoverCars/Content/Developers/vlePa/Collections/' was aborted.
[2017.12.03-13.49.23:194][175]LogDirectoryWatcher: A directory notification for 'D:/PROJECTS/Unreal/HoverCars/Saved/Collections/' was aborted.
[2017.12.03-13.49.23:194][175]LogModuleManager: Shutting down and abandoning module SceneOutliner (538)
[2017.12.03-13.49.23:194][175]LogModuleManager: Shutting down and abandoning module StatsViewer (536)
[2017.12.03-13.49.23:194][175]LogModuleManager: Shutting down and abandoning module FoliageEdit (534)
[2017.12.03-13.49.23:194][175]LogModuleManager: Shutting down and abandoning module LandscapeEditor (532)
[2017.12.03-13.49.23:194][175]LogModuleManager: Shutting down and abandoning module MeshPaintMode (530)
[2017.12.03-13.49.23:194][175]LogModuleManager: Shutting down and abandoning module SceneDepthPickerMode (528)
[2017.12.03-13.49.23:194][175]LogModuleManager: Shutting down and abandoning module ActorPickerMode (526)
[2017.12.03-13.49.23:194][175]LogModuleManager: Shutting down and abandoning module GeometryMode (524)
[2017.12.03-13.49.23:194][175]LogModuleManager: Shutting down and abandoning module TextureAlignMode (522)
[2017.12.03-13.49.23:194][175]LogModuleManager: Shutting down and abandoning module BspMode (520)
[2017.12.03-13.49.23:194][175]LogModuleManager: Shutting down and abandoning module PIEPreviewDeviceProfileSelector (518)
[2017.12.03-13.49.23:194][175]LogModuleManager: Shutting down and abandoning module HardwareSurvey (516)
[2017.12.03-13.49.23:194][175]LogModuleManager: Shutting down and abandoning module SequenceRecorderSections (514)
[2017.12.03-13.49.23:194][175]LogModuleManager: Shutting down and abandoning module AutomationWorker (512)
[2017.12.03-13.49.23:194][175]LogModuleManager: Shutting down and abandoning module MatineeToLevelSequence (510)
[2017.12.03-13.49.23:194][175]LogModuleManager: Shutting down and abandoning module LevelSequenceEditor (508)
[2017.12.03-13.49.23:194][175]LogModuleManager: Shutting down and abandoning module PlacementMode (507)
[2017.12.03-13.49.23:194][175]LogModuleManager: Shutting down and abandoning module WmfMediaFactory (504)
[2017.12.03-13.49.23:194][175]LogModuleManager: Shutting down and abandoning module WmfMediaEditor (502)
[2017.12.03-13.49.23:194][175]LogModuleManager: Shutting down and abandoning module OpenExrWrapper (500)
[2017.12.03-13.49.23:194][175]LogModuleManager: Shutting down and abandoning module ImgMediaFactory (498)
[2017.12.03-13.49.23:194][175]LogModuleManager: Shutting down and abandoning module ImgMediaEditor (496)
[2017.12.03-13.49.23:195][175]LogModuleManager: Shutting down and abandoning module AvfMediaFactory (494)
[2017.12.03-13.49.23:195][175]LogModuleManager: Shutting down and abandoning module AvfMediaEditor (492)
[2017.12.03-13.49.23:195][175]LogModuleManager: Shutting down and abandoning module AndroidMediaFactory (490)
[2017.12.03-13.49.23:195][175]LogModuleManager: Shutting down and abandoning module AndroidMediaEditor (488)
[2017.12.03-13.49.23:195][175]LogModuleManager: Shutting down and abandoning module CharacterAI (486)
[2017.12.03-13.49.23:195][175]LogModuleManager: Shutting down and abandoning module AudioCapture (484)
[2017.12.03-13.49.23:195][175]LogModuleManager: Shutting down and abandoning module SequenceRecorder (483)
[2017.12.03-13.49.23:195][175]LogModuleManager: Shutting down and abandoning module SmartSnapping (480)
[2017.12.03-13.49.23:195][175]LogModuleManager: Shutting down and abandoning module SessionServices (478)
[2017.12.03-13.49.23:195][175]LogModuleManager: Shutting down and abandoning module ViewportSnapping (476)
[2017.12.03-13.49.23:195][175]LogModuleManager: Shutting down and abandoning module ViewportInteraction (474)
[2017.12.03-13.49.23:195][175]LogModuleManager: Shutting down and abandoning module ClothPainter (472)
[2017.12.03-13.49.23:195][175]LogModuleManager: Shutting down and abandoning module SkeletalMeshEditor (471)
[2017.12.03-13.49.23:195][175]LogModuleManager: Shutting down and abandoning module LogVisualizer (468)
[2017.12.03-13.49.23:195][175]LogModuleManager: Shutting down and abandoning module IntroTutorials (466)
[2017.12.03-13.49.23:195][175]LogModuleManager: Shutting down and abandoning module GameProjectGeneration (465)
[2017.12.03-13.49.23:196][175]LogModuleManager: Shutting down and abandoning module IOSPlatformEditor (462)
[2017.12.03-13.49.23:196][175]LogModuleManager: Shutting down and abandoning module HTML5PlatformEditor (460)
[2017.12.03-13.49.23:196][175]LogModuleManager: Shutting down and abandoning module AndroidPlatformEditor (458)
[2017.12.03-13.49.23:196][175]LogModuleManager: Shutting down and abandoning module AndroidDeviceDetection (457)
[2017.12.03-13.49.23:407][175]LogModuleManager: Shutting down and abandoning module WindowsPlatformEditor (454)
[2017.12.03-13.49.23:407][175]LogModuleManager: Shutting down and abandoning module IOSRuntimeSettings (452)
[2017.12.03-13.49.23:407][175]LogModuleManager: Shutting down and abandoning module AndroidRuntimeSettings (450)
[2017.12.03-13.49.23:407][175]LogModuleManager: Shutting down and abandoning module InputBindingEditor (448)
[2017.12.03-13.49.23:407][175]LogModuleManager: Shutting down and abandoning module MergeActors (446)
[2017.12.03-13.49.23:407][175]LogModuleManager: Shutting down and abandoning module SizeMap (444)
[2017.12.03-13.49.23:407][175]LogModuleManager: Shutting down and abandoning module TreeMap (442)
[2017.12.03-13.49.23:407][175]LogModuleManager: Shutting down and abandoning module ReferenceViewer (440)
[2017.12.03-13.49.23:407][175]LogModuleManager: Shutting down and abandoning module LocalizationDashboard (438)
[2017.12.03-13.49.23:407][175]LogModuleManager: Shutting down and abandoning module LocalizationService (437)
[2017.12.03-13.49.23:407][175]LogModuleManager: Shutting down and abandoning module HardwareTargeting (434)
[2017.12.03-13.49.23:407][175]LogModuleManager: Shutting down and abandoning module DeviceProfileEditor (432)
[2017.12.03-13.49.23:407][175]LogModuleManager: Shutting down and abandoning module UndoHistory (430)
[2017.12.03-13.49.23:408][175]LogModuleManager: Shutting down and abandoning module XmlParser (428)
[2017.12.03-13.49.23:408][175]LogModuleManager: Shutting down and abandoning module Blutility (426)
[2017.12.03-13.49.23:408][175]LogModuleManager: Shutting down and abandoning module ProjectSettingsViewer (424)
[2017.12.03-13.49.23:408][175]LogModuleManager: Shutting down and abandoning module ProjectTargetPlatformEditor (423)
[2017.12.03-13.49.23:408][175]LogModuleManager: Shutting down and abandoning module EditorSettingsViewer (420)
[2017.12.03-13.49.23:408][175]LogModuleManager: Shutting down and abandoning module SettingsEditor (418)
[2017.12.03-13.49.23:408][175]LogModuleManager: Shutting down and abandoning module ProjectLauncher (416)
[2017.12.03-13.49.23:408][175]LogModuleManager: Shutting down and abandoning module SessionFrontend (414)
[2017.12.03-13.49.23:408][175]LogModuleManager: Shutting down and abandoning module ProfilerClient (412)
[2017.12.03-13.49.23:408][175]LogModuleManager: Shutting down and abandoning module DeviceManager (410)
[2017.12.03-13.49.23:408][175]LogModuleManager: Shutting down and abandoning module TargetDeviceServices (409)
[2017.12.03-13.49.23:461][175]LogModuleManager: Shutting down and abandoning module AutomationController (406)
[2017.12.03-13.49.23:461][175]LogModuleManager: Shutting down and abandoning module AutomationWindow (404)
[2017.12.03-13.49.23:461][175]LogModuleManager: Shutting down and abandoning module Layers (402)
[2017.12.03-13.49.23:461][175]LogModuleManager: Shutting down and abandoning module ComponentVisualizers (400)
[2017.12.03-13.49.23:461][175]LogModuleManager: Shutting down and abandoning module DetailCustomizations (398)
[2017.12.03-13.49.23:461][175]LogModuleManager: Shutting down and abandoning module PackagesDialog (396)
[2017.12.03-13.49.23:461][175]LogModuleManager: Shutting down and abandoning module Persona (394)
[2017.12.03-13.49.23:461][175]LogModuleManager: Shutting down and abandoning module AdvancedPreviewScene (393)
[2017.12.03-13.49.23:461][175]LogModuleManager: Shutting down and abandoning module AnimGraph (391)
[2017.12.03-13.49.23:461][175]LogModuleManager: Shutting down and abandoning module Kismet (388)
[2017.12.03-13.49.23:461][175]LogModuleManager: Shutting down and abandoning module ClassViewer (386)
[2017.12.03-13.49.23:462][175]LogModuleManager: Shutting down and abandoning module Toolbox (384)
[2017.12.03-13.49.23:462][175]LogModuleManager: Shutting down and abandoning module ModuleUI (382)
[2017.12.03-13.49.23:462][175]LogModuleManager: Shutting down and abandoning module MovieSceneTools (380)
[2017.12.03-13.49.23:462][175]LogModuleManager: Shutting down and abandoning module OutputLog (378)
[2017.12.03-13.49.23:462][175]LogModuleManager: Shutting down and abandoning module GammaUI (376)
[2017.12.03-13.49.23:462][175]LogModuleManager: Shutting down and abandoning module Documentation (374)
[2017.12.03-13.49.23:462][175]LogModuleManager: Shutting down and abandoning module MovieSceneTracks (372)
[2017.12.03-13.49.23:462][175]LogModuleManager: Shutting down and abandoning module MovieScene (370)
[2017.12.03-13.49.23:462][175]LogModuleManager: Shutting down and abandoning module StreamingPauseRendering (368)
[2017.12.03-13.49.23:462][175]LogModuleManager: Shutting down and abandoning module LauncherPlatform (366)
[2017.12.03-13.49.23:462][175]LogModuleManager: Shutting down and abandoning module AnalyticsET (364)
[2017.12.03-13.49.23:462][175]LogModuleManager: Shutting down and abandoning module PortalServices (362)
[2017.12.03-13.49.23:462][175]LogModuleManager: Shutting down and abandoning module PortalRpc (360)
[2017.12.03-13.49.23:462][175]LogModuleManager: Shutting down and abandoning module MessagingRpc (358)
[2017.12.03-13.49.23:462][175]LogModuleManager: Shutting down and abandoning module AIModule (356)
[2017.12.03-13.49.23:462][175]LogModuleManager: Shutting down and abandoning module GameplayDebugger (355)
[2017.12.03-13.49.23:462][175]LogModuleManager: Shutting down and abandoning module AITestSuite (353)
[2017.12.03-13.49.23:462][175]LogModuleManager: Shutting down and abandoning module ProfilerService (350)
[2017.12.03-13.49.23:534][175]LogModuleManager: Shutting down and abandoning module TaskGraph (348)
[2017.12.03-13.49.23:534][175]LogModuleManager: Shutting down and abandoning module SteamVRController (346)
[2017.12.03-13.49.23:534][175]LogModuleManager: Shutting down and abandoning module ProceduralMeshComponentEditor (344)
[2017.12.03-13.49.23:534][175]LogModuleManager: Shutting down and abandoning module ProceduralMeshComponent (342)
[2017.12.03-13.49.23:534][175]LogModuleManager: Shutting down and abandoning module OculusInput (340)
[2017.12.03-13.49.23:534][175]LogModuleManager: Shutting down and abandoning module MobilePatchingUtils (338)
[2017.12.03-13.49.23:534][175]LogModuleManager: Shutting down and abandoning module CustomMeshComponent (336)
[2017.12.03-13.49.23:534][175]LogModuleManager: Shutting down and abandoning module CableComponent (334)
[2017.12.03-13.49.23:534][175]LogModuleManager: Shutting down and abandoning module ArchVisCharacter (332)
[2017.12.03-13.49.23:534][175]LogModuleManager: Shutting down and abandoning module AndroidPermission (330)
[2017.12.03-13.49.23:534][175]LogModuleManager: Shutting down and abandoning module ActorSequence (326)
[2017.12.03-13.49.23:534][175]LogModuleManager: Shutting down and abandoning module MediaPlayerEditor (324)
[2017.12.03-13.49.23:534][175]LogModuleManager: Shutting down and abandoning module MediaCompositingEditor (322)
[2017.12.03-13.49.23:534][175]LogModuleManager: Shutting down and abandoning module MediaCompositing (320)
[2017.12.03-13.49.23:534][175]LogModuleManager: Shutting down and abandoning module HTML5Networking (318)
[2017.12.03-13.49.23:534][175]LogModuleManager: Shutting down and abandoning module AlembicImporter (316)
[2017.12.03-13.49.23:534][175]LogModuleManager: Shutting down and abandoning module AlembicLibrary (315)
[2017.12.03-13.49.23:534][175]LogModuleManager: Shutting down and abandoning module GeometryCache (314)
[2017.12.03-13.49.23:534][175]LogModuleManager: Shutting down and abandoning module GeometryCacheEd (313)
[2017.12.03-13.49.23:534][175]LogModuleManager: Shutting down and abandoning module SpeedTreeImporter (308)
[2017.12.03-13.49.23:534][175]LogModuleManager: Shutting down and abandoning module PluginBrowser (306)
[2017.12.03-13.49.23:534][175]LogModuleManager: Shutting down and abandoning module MobileLauncherProfileWizard (304)
[2017.12.03-13.49.23:534][175]LogModuleManager: Shutting down and abandoning module VisualStudioSourceCodeAccess (302)
[2017.12.03-13.49.23:534][175]LogModuleManager: Shutting down and abandoning module VisualStudioCodeSourceCodeAccess (300)
[2017.12.03-13.49.23:534][175]LogModuleManager: Shutting down and abandoning module UObjectPlugin (298)
[2017.12.03-13.49.23:534][175]LogModuleManager: Shutting down and abandoning module SubversionSourceControl (296)
[2017.12.03-13.49.23:534][175]LogModuleManager: Shutting down and abandoning module PerforceSourceControl (294)
[2017.12.03-13.49.23:534][175]LogModuleManager: Shutting down and abandoning module GitSourceControl (292)
[2017.12.03-13.49.23:535][175]LogModuleManager: Shutting down and abandoning module SourceControl (291)
[2017.12.03-13.49.23:535][175]LogModuleManager: Shutting down and abandoning module LightPropagationVolumeEditor (288)
[2017.12.03-13.49.23:535][175]LogModuleManager: Shutting down and abandoning module PaperTiledImporter (286)
[2017.12.03-13.49.23:535][175]LogModuleManager: Shutting down and abandoning module PaperSpriteSheetImporter (284)
[2017.12.03-13.49.23:535][175]LogModuleManager: Shutting down and abandoning module Paper2DEditor (282)
[2017.12.03-13.49.23:535][175]LogModuleManager: Shutting down and abandoning module MeshPaint (281)
[2017.12.03-13.49.23:535][175]LogModuleManager: Shutting down and abandoning module LevelEditor (279)
[2017.12.03-13.49.23:536][175]LogModuleManager: Shutting down and abandoning module PixelInspectorModule (278)
[2017.12.03-13.49.23:536][175]LogModuleManager: Shutting down and abandoning module MainFrame (276)
[2017.12.03-13.49.23:536][175]LogModuleManager: Shutting down and abandoning module HotReload (275)
[2017.12.03-13.49.23:536][175]LogDirectoryWatcher: A directory notification for 'D:/PROJECTS/Unreal/HoverCars/Binaries/Win64' was aborted.
[2017.12.03-13.49.23:537][175]LogModuleManager: Shutting down and abandoning module HoverCars (270)
[2017.12.03-13.49.23:537][175]LogModuleManager: Shutting down and abandoning module RuntimePhysXCooking (268)
[2017.12.03-13.49.23:537][175]LogModuleManager: Shutting down and abandoning module PhysXVehiclesEditor (266)
[2017.12.03-13.49.23:537][175]LogModuleManager: Shutting down and abandoning module PhysXVehicles (264)
[2017.12.03-13.49.23:537][175]LogModuleManager: Shutting down and abandoning module OculusEditor (262)
[2017.12.03-13.49.23:537][175]LogModuleManager: Shutting down and abandoning module LocationServicesBPLibrary (260)
[2017.12.03-13.49.23:537][175]LogModuleManager: Shutting down and abandoning module ImmediatePhysicsEditor (258)
[2017.12.03-13.49.23:537][175]LogModuleManager: Shutting down and abandoning module ImmediatePhysics (256)
[2017.12.03-13.49.23:537][175]LogModuleManager: Shutting down and abandoning module UdpMessaging (254)
[2017.12.03-13.49.23:638][175]LogModuleManager: Shutting down and abandoning module TcpMessaging (252)
[2017.12.03-13.49.23:738][175]LogModuleManager: Shutting down and abandoning module GameplayTagsEditor (250)
[2017.12.03-13.49.23:738][175]LogModuleManager: Shutting down and abandoning module FacialAnimationEditor (248)
[2017.12.03-13.49.23:738][175]LogModuleManager: Shutting down and abandoning module FacialAnimation (246)
[2017.12.03-13.49.23:738][175]LogModuleManager: Shutting down and abandoning module AssetManagerEditor (244)
[2017.12.03-13.49.23:738][175]LogModuleManager: Shutting down and abandoning module GraphEditor (243)
[2017.12.03-13.49.23:738][175]LogModuleManager: Shutting down and abandoning module ContentBrowser (241)
[2017.12.03-13.49.23:739][175]LogModuleManager: Shutting down and abandoning module LightPropagationVolumeRuntime (238)
[2017.12.03-13.49.23:739][175]LogModuleManager: Shutting down and abandoning module Paper2D (236)
[2017.12.03-13.49.23:740][175]LogModuleManager: Shutting down and abandoning module WindowsMoviePlayer (234)
[2017.12.03-13.49.23:740][175]LogModuleManager: Shutting down and abandoning module WmfMedia (232)
[2017.12.03-13.49.23:742][175]LogModuleManager: Shutting down and abandoning module ImgMedia (230)
[2017.12.03-13.49.23:742][175]LogModuleManager: Shutting down and abandoning module PacketHandler (228)
[2017.12.03-13.49.23:742][175]LogModuleManager: Shutting down and abandoning module ClothingSystemEditor (226)
[2017.12.03-13.49.23:742][175]LogModuleManager: Shutting down and abandoning module ClothingSystemRuntime (224)
[2017.12.03-13.49.23:742][175]LogModuleManager: Shutting down and abandoning module MediaAssets (222)
[2017.12.03-13.49.23:742][175]LogModuleManager: Shutting down and abandoning module Media (221)
[2017.12.03-13.49.23:748][175]LogModuleManager: Shutting down and abandoning module Overlay (218)
[2017.12.03-13.49.23:748][175]LogModuleManager: Shutting down and abandoning module OverlayEditor (217)
[2017.12.03-13.49.23:748][175]LogModuleManager: Shutting down and abandoning module VREditor (214)
[2017.12.03-13.49.23:748][175]LogModuleManager: Shutting down and abandoning module StringTableEditor (212)
[2017.12.03-13.49.23:748][175]LogModuleManager: Shutting down and abandoning module GameplayTasksEditor (210)
[2017.12.03-13.49.23:748][175]LogModuleManager: Shutting down and abandoning module BehaviorTreeEditor (208)
[2017.12.03-13.49.23:748][175]LogModuleManager: Shutting down and abandoning module FunctionalTesting (206)
[2017.12.03-13.49.23:748][175]LogModuleManager: Shutting down and abandoning module CollisionAnalyzer (204)
[2017.12.03-13.49.23:748][175]LogModuleManager: Shutting down and abandoning module WorkspaceMenuStructure (203)
[2017.12.03-13.49.23:748][175]LogModuleManager: Shutting down and abandoning module UMG (200)
[2017.12.03-13.49.23:748][175]LogModuleManager: Shutting down and abandoning module UMGEditor (199)
[2017.12.03-13.49.23:748][175]LogModuleManager: Shutting down and abandoning module Sequencer (198)
[2017.12.03-13.49.23:749][175]LogModuleManager: Shutting down and abandoning module MessageLog (195)
[2017.12.03-13.49.23:749][175]LogModuleManager: Shutting down and abandoning module SlateReflector (190)
[2017.12.03-13.49.23:749][175]LogModuleManager: Shutting down and abandoning module Slate (188)
[2017.12.03-13.49.23:749][175]LogModuleManager: Shutting down and abandoning module EditorStyle (186)
[2017.12.03-13.49.23:752][175]LogModuleManager: Shutting down and abandoning module MRMesh (184)
[2017.12.03-13.49.23:752][175]LogModuleManager: Shutting down and abandoning module SourceCodeAccess (182)
[2017.12.03-13.49.23:752][175]LogModuleManager: Shutting down and abandoning module HeadMountedDisplay (180)
[2017.12.03-13.49.23:752][175]LogModuleManager: Shutting down and abandoning module XAudio2 (178)
[2017.12.03-13.49.23:752][175]LogModuleManager: Shutting down and abandoning module Networking (176)
[2017.12.03-13.49.23:752][175]LogModuleManager: Shutting down and abandoning module Core (172)
[2017.12.03-13.49.23:752][175]LogModuleManager: Shutting down and abandoning module LevelSequence (168)
[2017.12.03-13.49.23:752][175]LogModuleManager: Shutting down and abandoning module DirectoryWatcher (166)
[2017.12.03-13.49.23:753][175]LogModuleManager: Shutting down and abandoning module KismetCompiler (164)
[2017.12.03-13.49.23:753][175]LogModuleManager: Shutting down and abandoning module MeshUtilities (162)
[2017.12.03-13.49.23:753][175]LogModuleManager: Shutting down and abandoning module MeshMergeUtilities (161)
[2017.12.03-13.49.23:753][175]LogModuleManager: Shutting down and abandoning module MeshReductionInterface (160)
[2017.12.03-13.49.23:753][175]LogModuleManager: Shutting down and abandoning module SimplygonSwarm (159)
[2017.12.03-13.49.23:753][175]LogModuleManager: Shutting down and abandoning module SimplygonMeshReduction (157)
[2017.12.03-13.49.23:753][175]LogModuleManager: Shutting down and abandoning module QuadricMeshReduction (155)
[2017.12.03-13.49.23:753][175]LogModuleManager: Shutting down and abandoning module MaterialBaking (151)
[2017.12.03-13.49.23:753][175]LogModuleManager: Shutting down and abandoning module DerivedDataCache (148)
[2017.12.03-13.49.24:093][175]LogDerivedDataCache: Shutdown
[2017.12.03-13.49.24:094][175]LogModuleManager: Shutting down and abandoning module TargetPlatform (146)
[2017.12.03-13.49.24:094][175]LogModuleManager: Shutting down and abandoning module VulkanShaderFormat (145)
[2017.12.03-13.49.24:094][175]LogModuleManager: Shutting down and abandoning module ShaderFormatVectorVM (143)
[2017.12.03-13.49.24:094][175]LogModuleManager: Shutting down and abandoning module ShaderFormatOpenGL (141)
[2017.12.03-13.49.24:094][175]LogModuleManager: Shutting down and abandoning module ShaderFormatD3D (139)
[2017.12.03-13.49.24:094][175]LogModuleManager: Shutting down and abandoning module MetalShaderFormat (137)
[2017.12.03-13.49.24:094][175]LogModuleManager: Shutting down and abandoning module TextureFormatUncompressed (135)
[2017.12.03-13.49.24:094][175]LogModuleManager: Shutting down and abandoning module TextureFormatPVR (133)
[2017.12.03-13.49.24:094][175]LogModuleManager: Shutting down and abandoning module TextureFormatDXT (131)
[2017.12.03-13.49.24:094][175]LogModuleManager: Shutting down and abandoning module TextureFormatIntelISPCTexComp (129)
[2017.12.03-13.49.24:094][175]LogModuleManager: Shutting down and abandoning module TextureFormatASTC (127)
[2017.12.03-13.49.24:094][175]LogModuleManager: Shutting down and abandoning module ImageWrapper (126)
[2017.12.03-13.49.24:094][175]LogModuleManager: Shutting down and abandoning module TextureFormatAndroid (123)
[2017.12.03-13.49.24:094][175]LogModuleManager: Shutting down and abandoning module AudioFormatOpus (121)
[2017.12.03-13.49.24:094][175]LogModuleManager: Shutting down and abandoning module AudioFormatOgg (119)
[2017.12.03-13.49.24:094][175]LogModuleManager: Shutting down and abandoning module AudioFormatADPCM (117)
[2017.12.03-13.49.24:094][175]LogModuleManager: Shutting down and abandoning module LinuxTargetPlatform (115)
[2017.12.03-13.49.24:094][175]LogModuleManager: Shutting down and abandoning module LinuxServerTargetPlatform (113)
[2017.12.03-13.49.24:094][175]LogModuleManager: Shutting down and abandoning module LinuxNoEditorTargetPlatform (111)
[2017.12.03-13.49.24:094][175]LogModuleManager: Shutting down and abandoning module LinuxClientTargetPlatform (109)
[2017.12.03-13.49.24:094][175]LogModuleManager: Shutting down and abandoning module TVOSTargetPlatform (107)
[2017.12.03-13.49.24:094][175]LogModuleManager: Shutting down and abandoning module Messaging (105)
[2017.12.03-13.49.24:094][175]LogModuleManager: Shutting down and abandoning module IOSTargetPlatform (103)
[2017.12.03-13.49.24:094][175]LogModuleManager: Shutting down and abandoning module HTML5TargetPlatform (101)
[2017.12.03-13.49.24:094][175]LogModuleManager: Shutting down and abandoning module AndroidTargetPlatform (99)
[2017.12.03-13.49.24:094][175]LogModuleManager: Shutting down and abandoning module Android_PVRTCTargetPlatform (97)
[2017.12.03-13.49.24:094][175]LogModuleManager: Shutting down and abandoning module Android_MultiTargetPlatform (95)
[2017.12.03-13.49.24:094][175]LogModuleManager: Shutting down and abandoning module Android_ETC2TargetPlatform (93)
[2017.12.03-13.49.24:094][175]LogModuleManager: Shutting down and abandoning module Android_ETC1TargetPlatform (91)
[2017.12.03-13.49.24:094][175]LogModuleManager: Shutting down and abandoning module Android_DXTTargetPlatform (89)
[2017.12.03-13.49.24:094][175]LogModuleManager: Shutting down and abandoning module Android_ATCTargetPlatform (87)
[2017.12.03-13.49.24:094][175]LogModuleManager: Shutting down and abandoning module Android_ASTCTargetPlatform (85)
[2017.12.03-13.49.24:094][175]LogModuleManager: Shutting down and abandoning module WindowsTargetPlatform (83)
[2017.12.03-13.49.24:094][175]LogModuleManager: Shutting down and abandoning module WindowsServerTargetPlatform (81)
[2017.12.03-13.49.24:094][175]LogModuleManager: Shutting down and abandoning module WindowsNoEditorTargetPlatform (79)
[2017.12.03-13.49.24:094][175]LogModuleManager: Shutting down and abandoning module WindowsClientTargetPlatform (77)
[2017.12.03-13.49.24:095][175]LogModuleManager: Shutting down and abandoning module MacTargetPlatform (75)
[2017.12.03-13.49.24:095][175]LogModuleManager: Shutting down and abandoning module MacServerTargetPlatform (73)
[2017.12.03-13.49.24:095][175]LogModuleManager: Shutting down and abandoning module MacNoEditorTargetPlatform (71)
[2017.12.03-13.49.24:095][175]LogModuleManager: Shutting down and abandoning module MacClientTargetPlatform (69)
[2017.12.03-13.49.24:095][175]LogModuleManager: Shutting down and abandoning module AllDesktopTargetPlatform (67)
[2017.12.03-13.49.24:095][175]LogModuleManager: Shutting down and abandoning module InputCore (64)
[2017.12.03-13.49.24:095][175]LogModuleManager: Shutting down and abandoning module Settings (62)
[2017.12.03-13.49.24:095][175]LogModuleManager: Shutting down and abandoning module PhysXCooking (60)
[2017.12.03-13.49.24:095][175]LogModuleManager: Shutting down and abandoning module SteamVR (58)
[2017.12.03-13.49.24:095][175]LogModuleManager: Shutting down and abandoning module OculusHMD (56)
[2017.12.03-13.49.24:095][175]LogModuleManager: Shutting down and abandoning module ExampleDeviceProfileSelector (54)
[2017.12.03-13.49.24:095][175]LogModuleManager: Shutting down and abandoning module AppleARKit (52)
[2017.12.03-13.49.24:095][175]LogModuleManager: Shutting down and abandoning module AugmentedReality (51)
[2017.12.03-13.49.24:095][175]LogModuleManager: Shutting down and abandoning module OnlineBlueprintSupport (48)
[2017.12.03-13.49.24:095][175]LogModuleManager: Shutting down and abandoning module OnlineSubsystem (44)
[2017.12.03-13.49.24:095][175]LogModuleManager: Shutting down and abandoning module XMPP (43)
[2017.12.03-13.49.24:095][175]LogModuleManager: Shutting down and abandoning module HTTP (41)
[2017.12.03-13.49.24:095][175]LogHttp: Display: Http module shutting down, but needs to wait on 1 outstanding Http requests:
[2017.12.03-13.49.24:095][175]LogHttp: Display: 	verb=[POST] url=[https://datarouter.ol.epicgames.com/datarouter/api/v1/public/data?SessionID=%7BE73ED600-419F-960F-36B6-19A191B4F66D%7D&AppID=UEEditor.Rocket.Release&AppVersion=4.18.1-3754814%2B%2B%2BUE4%2BRelease-4.18&UserID=e9c69445431003b3f20e65aa515943cc%7Ccf5ad1bee6b7449fb243805396e8dc92%7C38512122-0f0a-4d66-b01d-8f62fbd5fc35&AppEnvironment=datacollector-binary&UploadType=eteventstream] status=Processing
[2017.12.03-13.49.24:123][175]LogModuleManager: Shutting down and abandoning module SSL (40)
[2017.12.03-13.49.24:124][175]LogModuleManager: Shutting down and abandoning module AnimationModifiers (36)
[2017.12.03-13.49.24:125][175]LogModuleManager: Shutting down and abandoning module PropertyEditor (35)
[2017.12.03-13.49.24:125][175]LogModuleManager: Shutting down and abandoning module AudioEditor (32)
[2017.12.03-13.49.24:125][175]LogModuleManager: Shutting down and abandoning module TextureCompressor (30)
[2017.12.03-13.49.24:125][175]LogModuleManager: Shutting down and abandoning module ShaderCore (28)
[2017.12.03-13.49.24:125][175]LogModuleManager: Shutting down and abandoning module Landscape (26)
[2017.12.03-13.49.24:125][175]LogModuleManager: Shutting down and abandoning module SlateRHIRenderer (24)
[2017.12.03-13.49.24:126][175]LogModuleManager: Shutting down and abandoning module OpenGLDrv (22)
[2017.12.03-13.49.24:126][175]LogModuleManager: Shutting down and abandoning module D3D11RHI (20)
[2017.12.03-13.49.24:126][175]LogModuleManager: Shutting down and abandoning module AnimGraphRuntime (18)
[2017.12.03-13.49.24:126][175]LogModuleManager: Shutting down and abandoning module Renderer (16)
[2017.12.03-13.49.24:126][175]LogModuleManager: Shutting down and abandoning module Engine (14)
[2017.12.03-13.49.24:126][175]LogModuleManager: Shutting down and abandoning module CoreUObject (12)
[2017.12.03-13.49.24:126][175]LogModuleManager: Shutting down and abandoning module NetworkFile (10)
[2017.12.03-13.49.24:126][175]LogModuleManager: Shutting down and abandoning module CookedIterativeFile (8)
[2017.12.03-13.49.24:126][175]LogModuleManager: Shutting down and abandoning module StreamingFile (6)
[2017.12.03-13.49.24:126][175]LogModuleManager: Shutting down and abandoning module SandboxFile (4)
[2017.12.03-13.49.24:126][175]LogModuleManager: Shutting down and abandoning module PakFile (2)
[2017.12.03-13.49.24:130][175]LogExit: Exiting.
[2017.12.03-13.49.24:148][175]Log file closed, 12/03/17 14:49:24
